[2026-01-24 23:16:59] [INFO] === AI Logging System Initialized ===
[2026-01-24 23:16:59] [INFO] ===== BACKEND EXECUTION STARTED =====
[2026-01-24 23:17:01] [INFO] ENV | Timestep: 0 | Info: Initialized environment with 2 sources
[2026-01-24 23:17:01] [INFO] PREDICTION | Next Price: 102.4688 | Trend: up | Confidence: 0.0017
[2026-01-24 23:17:02] [INFO] ===== BACKEND EXECUTION FINISHED =====
[2026-01-24 23:18:42] [INFO] === AI Logging System Initialized ===
[2026-01-24 23:18:42] [INFO] ===== BACKEND EXECUTION STARTED =====
[2026-01-24 23:18:44] [INFO] ENV | Timestep: 0 | Info: Initialized environment with 2 sources
[2026-01-24 23:18:44] [INFO] PREDICTION | Next Price: 102.4688 | Trend: up | Confidence: 0.0017
[2026-01-24 23:18:46] [INFO] ===== BACKEND EXECUTION FINISHED =====
[2026-01-24 23:19:17] [INFO] === AI Logging System Initialized ===
[2026-01-24 23:19:17] [INFO] ===== BACKEND EXECUTION STARTED =====
[2026-01-24 23:19:19] [INFO] ENV | Timestep: 0 | Info: Initialized environment with 2 sources
[2026-01-24 23:19:19] [INFO] PREDICTION | Next Price: 102.4688 | Trend: up | Confidence: 0.0017
[2026-01-24 23:19:21] [INFO] ===== BACKEND EXECUTION FINISHED =====
[2026-01-24 23:20:20] [INFO] === AI Logging System Initialized ===
[2026-01-24 23:20:20] [INFO] ===== BACKEND EXECUTION STARTED =====
[2026-01-24 23:20:22] [INFO] ENV | Timestep: 0 | Info: Initialized environment with 2 sources
[2026-01-24 23:20:22] [INFO] PREDICTION | Next Price: 102.4688 | Trend: up | Confidence: 0.0017
[2026-01-24 23:20:23] [INFO] ===== BACKEND EXECUTION FINISHED =====
