[2026-01-25 06:27:56] [INFO] === AI Logging System Initialized ===
[2026-01-25 06:27:59] [INFO] COLLECT | silver_futures | price=103.1850 -> pred=103.2933 | reward=0.5100
[2026-01-25 06:27:59] [INFO] === AI Logging System Initialized ===
[2026-01-25 06:28:07] [INFO] === AI Logging System Initialized ===
[2026-01-25 06:28:26] [INFO] === AI Logging System Initialized ===
[2026-01-25 06:28:29] [INFO] COLLECT | silver_futures | price=103.1850 -> pred=103.2933 | reward=0.5100
[2026-01-25 06:28:29] [INFO] === AI Logging System Initialized ===
[2026-01-25 06:28:56] [INFO] === AI Logging System Initialized ===
[2026-01-25 06:28:59] [INFO] === AI Logging System Initialized ===
[2026-01-25 06:29:01] [INFO] COLLECT | spot_silver | price=103.1850 -> pred=103.2933 | reward=0.6525
[2026-01-25 06:29:07] [INFO] === AI Logging System Initialized ===
[2026-01-25 06:30:07] [INFO] === AI Logging System Initialized ===
[2026-01-25 06:30:10] [INFO] COLLECT | spot_silver | price=103.1850 -> pred=103.2933 | reward=0.6525
[2026-01-25 06:30:10] [INFO] === AI Logging System Initialized ===
[2026-01-25 06:30:13] [ERROR] BACKEND FAILURE
Traceback (most recent call last):
  File "C:\Users\Dell\Downloads\datacollectionAIAgent-master\datacollectionAIAgent-master\main.py", line 127, in predict_silver
    raise RuntimeError("Agent could not select a source")
RuntimeError: Agent could not select a source
[2026-01-25 06:30:13] [INFO] === AI Logging System Initialized ===
[2026-01-25 06:30:16] [ERROR] BACKEND FAILURE
Traceback (most recent call last):
  File "C:\Users\Dell\Downloads\datacollectionAIAgent-master\datacollectionAIAgent-master\main.py", line 127, in predict_silver
    raise RuntimeError("Agent could not select a source")
RuntimeError: Agent could not select a source
[2026-01-25 06:31:07] [INFO] === AI Logging System Initialized ===
[2026-01-25 06:31:10] [ERROR] BACKEND FAILURE
Traceback (most recent call last):
  File "C:\Users\Dell\Downloads\datacollectionAIAgent-master\datacollectionAIAgent-master\main.py", line 127, in predict_silver
    raise RuntimeError("Agent could not select a source")
RuntimeError: Agent could not select a source
[2026-01-25 06:31:10] [INFO] === AI Logging System Initialized ===
[2026-01-25 06:31:13] [ERROR] BACKEND FAILURE
Traceback (most recent call last):
  File "C:\Users\Dell\Downloads\datacollectionAIAgent-master\datacollectionAIAgent-master\main.py", line 127, in predict_silver
    raise RuntimeError("Agent could not select a source")
RuntimeError: Agent could not select a source
[2026-01-25 06:31:13] [INFO] === AI Logging System Initialized ===
[2026-01-25 06:31:16] [ERROR] BACKEND FAILURE
Traceback (most recent call last):
  File "C:\Users\Dell\Downloads\datacollectionAIAgent-master\datacollectionAIAgent-master\main.py", line 127, in predict_silver
    raise RuntimeError("Agent could not select a source")
RuntimeError: Agent could not select a source
[2026-01-25 06:32:07] [INFO] === AI Logging System Initialized ===
[2026-01-25 06:32:10] [ERROR] BACKEND FAILURE
Traceback (most recent call last):
  File "C:\Users\Dell\Downloads\datacollectionAIAgent-master\datacollectionAIAgent-master\main.py", line 127, in predict_silver
    raise RuntimeError("Agent could not select a source")
RuntimeError: Agent could not select a source
[2026-01-25 06:32:10] [INFO] === AI Logging System Initialized ===
[2026-01-25 06:32:13] [ERROR] BACKEND FAILURE
Traceback (most recent call last):
  File "C:\Users\Dell\Downloads\datacollectionAIAgent-master\datacollectionAIAgent-master\main.py", line 127, in predict_silver
    raise RuntimeError("Agent could not select a source")
RuntimeError: Agent could not select a source
[2026-01-25 06:32:13] [INFO] === AI Logging System Initialized ===
[2026-01-25 06:32:15] [ERROR] BACKEND FAILURE
Traceback (most recent call last):
  File "C:\Users\Dell\Downloads\datacollectionAIAgent-master\datacollectionAIAgent-master\main.py", line 127, in predict_silver
    raise RuntimeError("Agent could not select a source")
RuntimeError: Agent could not select a source
[2026-01-25 06:33:07] [INFO] === AI Logging System Initialized ===
[2026-01-25 06:33:10] [ERROR] BACKEND FAILURE
Traceback (most recent call last):
  File "C:\Users\Dell\Downloads\datacollectionAIAgent-master\datacollectionAIAgent-master\main.py", line 127, in predict_silver
    raise RuntimeError("Agent could not select a source")
RuntimeError: Agent could not select a source
[2026-01-25 06:33:10] [INFO] === AI Logging System Initialized ===
[2026-01-25 06:33:13] [ERROR] BACKEND FAILURE
Traceback (most recent call last):
  File "C:\Users\Dell\Downloads\datacollectionAIAgent-master\datacollectionAIAgent-master\main.py", line 127, in predict_silver
    raise RuntimeError("Agent could not select a source")
RuntimeError: Agent could not select a source
[2026-01-25 06:33:13] [INFO] === AI Logging System Initialized ===
[2026-01-25 06:33:15] [ERROR] BACKEND FAILURE
Traceback (most recent call last):
  File "C:\Users\Dell\Downloads\datacollectionAIAgent-master\datacollectionAIAgent-master\main.py", line 127, in predict_silver
    raise RuntimeError("Agent could not select a source")
RuntimeError: Agent could not select a source
[2026-01-25 06:34:07] [INFO] === AI Logging System Initialized ===
[2026-01-25 06:34:09] [ERROR] BACKEND FAILURE
Traceback (most recent call last):
  File "C:\Users\Dell\Downloads\datacollectionAIAgent-master\datacollectionAIAgent-master\main.py", line 127, in predict_silver
    raise RuntimeError("Agent could not select a source")
RuntimeError: Agent could not select a source
[2026-01-25 06:34:09] [INFO] === AI Logging System Initialized ===
[2026-01-25 06:34:12] [ERROR] BACKEND FAILURE
Traceback (most recent call last):
  File "C:\Users\Dell\Downloads\datacollectionAIAgent-master\datacollectionAIAgent-master\main.py", line 127, in predict_silver
    raise RuntimeError("Agent could not select a source")
RuntimeError: Agent could not select a source
[2026-01-25 06:34:12] [INFO] === AI Logging System Initialized ===
[2026-01-25 06:34:14] [ERROR] BACKEND FAILURE
Traceback (most recent call last):
  File "C:\Users\Dell\Downloads\datacollectionAIAgent-master\datacollectionAIAgent-master\main.py", line 127, in predict_silver
    raise RuntimeError("Agent could not select a source")
RuntimeError: Agent could not select a source
