[2026-01-25 06:09:08] [INFO] === AI Logging System Initialized ===
[2026-01-25 06:09:10] [ERROR] BACKEND FAILURE
Traceback (most recent call last):
  File "C:\Users\Dell\Downloads\datacollectionAIAgent-master\datacollectionAIAgent-master\main.py", line 80, in predict_silver
    raise RuntimeError("Agent could not select a source")
RuntimeError: Agent could not select a source
[2026-01-25 06:09:10] [INFO] === AI Logging System Initialized ===
[2026-01-25 06:09:11] [ERROR] BACKEND FAILURE
Traceback (most recent call last):
  File "C:\Users\Dell\Downloads\datacollectionAIAgent-master\datacollectionAIAgent-master\main.py", line 80, in predict_silver
    raise RuntimeError("Agent could not select a source")
RuntimeError: Agent could not select a source
[2026-01-25 06:10:07] [INFO] === AI Logging System Initialized ===
[2026-01-25 06:10:08] [ERROR] BACKEND FAILURE
Traceback (most recent call last):
  File "C:\Users\Dell\Downloads\datacollectionAIAgent-master\datacollectionAIAgent-master\main.py", line 80, in predict_silver
    raise RuntimeError("Agent could not select a source")
RuntimeError: Agent could not select a source
[2026-01-25 06:10:08] [INFO] === AI Logging System Initialized ===
[2026-01-25 06:10:09] [ERROR] BACKEND FAILURE
Traceback (most recent call last):
  File "C:\Users\Dell\Downloads\datacollectionAIAgent-master\datacollectionAIAgent-master\main.py", line 80, in predict_silver
    raise RuntimeError("Agent could not select a source")
RuntimeError: Agent could not select a source
[2026-01-25 06:10:09] [INFO] === AI Logging System Initialized ===
[2026-01-25 06:10:10] [ERROR] BACKEND FAILURE
Traceback (most recent call last):
  File "C:\Users\Dell\Downloads\datacollectionAIAgent-master\datacollectionAIAgent-master\main.py", line 80, in predict_silver
    raise RuntimeError("Agent could not select a source")
RuntimeError: Agent could not select a source
[2026-01-25 06:11:07] [INFO] === AI Logging System Initialized ===
[2026-01-25 06:11:09] [ERROR] BACKEND FAILURE
Traceback (most recent call last):
  File "C:\Users\Dell\Downloads\datacollectionAIAgent-master\datacollectionAIAgent-master\main.py", line 80, in predict_silver
    raise RuntimeError("Agent could not select a source")
RuntimeError: Agent could not select a source
[2026-01-25 06:11:09] [INFO] === AI Logging System Initialized ===
[2026-01-25 06:11:09] [ERROR] BACKEND FAILURE
Traceback (most recent call last):
  File "C:\Users\Dell\Downloads\datacollectionAIAgent-master\datacollectionAIAgent-master\main.py", line 80, in predict_silver
    raise RuntimeError("Agent could not select a source")
RuntimeError: Agent could not select a source
[2026-01-25 06:11:09] [INFO] === AI Logging System Initialized ===
[2026-01-25 06:11:10] [ERROR] BACKEND FAILURE
Traceback (most recent call last):
  File "C:\Users\Dell\Downloads\datacollectionAIAgent-master\datacollectionAIAgent-master\main.py", line 80, in predict_silver
    raise RuntimeError("Agent could not select a source")
RuntimeError: Agent could not select a source
