[2026-01-25 06:00:00] [INFO] === AI Logging System Initialized ===
[2026-01-25 06:00:02] [INFO] COLLECT | silver_futures | price=103.1850 -> pred=103.2933 | reward=0.5100
[2026-01-25 06:00:07] [INFO] === AI Logging System Initialized ===
[2026-01-25 06:00:09] [INFO] === AI Logging System Initialized ===
[2026-01-25 06:01:07] [INFO] === AI Logging System Initialized ===
[2026-01-25 06:01:09] [INFO] COLLECT | spot_silver | price=103.1850 -> pred=103.2933 | reward=0.6525
[2026-01-25 06:01:09] [INFO] === AI Logging System Initialized ===
[2026-01-25 06:01:10] [INFO] === AI Logging System Initialized ===
[2026-01-25 06:02:07] [INFO] === AI Logging System Initialized ===
[2026-01-25 06:02:08] [INFO] COLLECT | spot_silver | price=103.1850 -> pred=103.2933 | reward=0.6525
[2026-01-25 06:02:08] [INFO] === AI Logging System Initialized ===
[2026-01-25 06:02:09] [INFO] === AI Logging System Initialized ===
[2026-01-25 06:03:07] [INFO] === AI Logging System Initialized ===
[2026-01-25 06:03:09] [INFO] COLLECT | spot_silver | price=103.1850 -> pred=103.2933 | reward=0.6525
[2026-01-25 06:03:09] [INFO] === AI Logging System Initialized ===
[2026-01-25 06:03:10] [INFO] === AI Logging System Initialized ===
[2026-01-25 06:03:30] [INFO] === AI Logging System Initialized ===
[2026-01-25 06:04:00] [INFO] === AI Logging System Initialized ===
[2026-01-25 06:04:02] [INFO] COLLECT | spot_silver | price=103.1850 -> pred=103.2933 | reward=0.6525
[2026-01-25 06:04:07] [INFO] === AI Logging System Initialized ===
[2026-01-25 06:04:09] [INFO] === AI Logging System Initialized ===
[2026-01-25 06:04:30] [INFO] === AI Logging System Initialized ===
[2026-01-25 06:05:00] [INFO] === AI Logging System Initialized ===
[2026-01-25 06:05:02] [INFO] COLLECT | spot_silver | price=103.1850 -> pred=103.2933 | reward=0.6525
[2026-01-25 06:05:07] [INFO] === AI Logging System Initialized ===
[2026-01-25 06:05:09] [INFO] === AI Logging System Initialized ===
[2026-01-25 06:05:30] [INFO] === AI Logging System Initialized ===
[2026-01-25 06:06:00] [INFO] === AI Logging System Initialized ===
[2026-01-25 06:06:01] [INFO] COLLECT | spot_silver | price=103.1850 -> pred=103.2933 | reward=0.6525
[2026-01-25 06:06:07] [INFO] === AI Logging System Initialized ===
[2026-01-25 06:06:08] [INFO] === AI Logging System Initialized ===
[2026-01-25 06:06:30] [INFO] === AI Logging System Initialized ===
[2026-01-25 06:06:32] [INFO] COLLECT | spot_silver | price=103.1850 -> pred=103.2933 | reward=0.6525
[2026-01-25 06:07:07] [INFO] === AI Logging System Initialized ===
[2026-01-25 06:07:09] [INFO] COLLECT | spot_silver | price=103.1850 -> pred=103.2933 | reward=0.6525
[2026-01-25 06:07:09] [INFO] === AI Logging System Initialized ===
[2026-01-25 06:07:09] [INFO] === AI Logging System Initialized ===
[2026-01-25 06:08:07] [INFO] === AI Logging System Initialized ===
[2026-01-25 06:08:09] [INFO] COLLECT | spot_silver | price=103.1850 -> pred=103.2933 | reward=0.6525
[2026-01-25 06:08:09] [INFO] === AI Logging System Initialized ===
[2026-01-25 06:08:10] [ERROR] BACKEND FAILURE
Traceback (most recent call last):
  File "C:\Users\Dell\Downloads\datacollectionAIAgent-master\datacollectionAIAgent-master\main.py", line 80, in predict_silver
    raise RuntimeError("Agent could not select a source")
RuntimeError: Agent could not select a source
[2026-01-25 06:08:10] [INFO] === AI Logging System Initialized ===
[2026-01-25 06:08:11] [ERROR] BACKEND FAILURE
Traceback (most recent call last):
  File "C:\Users\Dell\Downloads\datacollectionAIAgent-master\datacollectionAIAgent-master\main.py", line 80, in predict_silver
    raise RuntimeError("Agent could not select a source")
RuntimeError: Agent could not select a source
[2026-01-25 06:09:07] [INFO] === AI Logging System Initialized ===
[2026-01-25 06:09:08] [ERROR] BACKEND FAILURE
Traceback (most recent call last):
  File "C:\Users\Dell\Downloads\datacollectionAIAgent-master\datacollectionAIAgent-master\main.py", line 80, in predict_silver
    raise RuntimeError("Agent could not select a source")
RuntimeError: Agent could not select a source
[2026-01-25 06:09:08] [INFO] === AI Logging System Initialized ===
[2026-01-25 06:09:10] [ERROR] BACKEND FAILURE
Traceback (most recent call last):
  File "C:\Users\Dell\Downloads\datacollectionAIAgent-master\datacollectionAIAgent-master\main.py", line 80, in predict_silver
    raise RuntimeError("Agent could not select a source")
RuntimeError: Agent could not select a source
[2026-01-25 06:09:10] [INFO] === AI Logging System Initialized ===
[2026-01-25 06:09:11] [ERROR] BACKEND FAILURE
Traceback (most recent call last):
  File "C:\Users\Dell\Downloads\datacollectionAIAgent-master\datacollectionAIAgent-master\main.py", line 80, in predict_silver
    raise RuntimeError("Agent could not select a source")
RuntimeError: Agent could not select a source
[2026-01-25 06:10:07] [INFO] === AI Logging System Initialized ===
[2026-01-25 06:10:08] [ERROR] BACKEND FAILURE
Traceback (most recent call last):
  File "C:\Users\Dell\Downloads\datacollectionAIAgent-master\datacollectionAIAgent-master\main.py", line 80, in predict_silver
    raise RuntimeError("Agent could not select a source")
RuntimeError: Agent could not select a source
[2026-01-25 06:10:08] [INFO] === AI Logging System Initialized ===
[2026-01-25 06:10:09] [ERROR] BACKEND FAILURE
Traceback (most recent call last):
  File "C:\Users\Dell\Downloads\datacollectionAIAgent-master\datacollectionAIAgent-master\main.py", line 80, in predict_silver
    raise RuntimeError("Agent could not select a source")
RuntimeError: Agent could not select a source
[2026-01-25 06:10:09] [INFO] === AI Logging System Initialized ===
[2026-01-25 06:10:10] [ERROR] BACKEND FAILURE
Traceback (most recent call last):
  File "C:\Users\Dell\Downloads\datacollectionAIAgent-master\datacollectionAIAgent-master\main.py", line 80, in predict_silver
    raise RuntimeError("Agent could not select a source")
RuntimeError: Agent could not select a source
[2026-01-25 06:11:07] [INFO] === AI Logging System Initialized ===
[2026-01-25 06:11:09] [ERROR] BACKEND FAILURE
Traceback (most recent call last):
  File "C:\Users\Dell\Downloads\datacollectionAIAgent-master\datacollectionAIAgent-master\main.py", line 80, in predict_silver
    raise RuntimeError("Agent could not select a source")
RuntimeError: Agent could not select a source
[2026-01-25 06:11:09] [INFO] === AI Logging System Initialized ===
[2026-01-25 06:11:09] [ERROR] BACKEND FAILURE
Traceback (most recent call last):
  File "C:\Users\Dell\Downloads\datacollectionAIAgent-master\datacollectionAIAgent-master\main.py", line 80, in predict_silver
    raise RuntimeError("Agent could not select a source")
RuntimeError: Agent could not select a source
[2026-01-25 06:11:09] [INFO] === AI Logging System Initialized ===
[2026-01-25 06:11:10] [ERROR] BACKEND FAILURE
Traceback (most recent call last):
  File "C:\Users\Dell\Downloads\datacollectionAIAgent-master\datacollectionAIAgent-master\main.py", line 80, in predict_silver
    raise RuntimeError("Agent could not select a source")
RuntimeError: Agent could not select a source
