[2026-01-25 01:19:21] [INFO] === AI Logging System Initialized ===
[2026-01-25 01:19:51] [INFO] === AI Logging System Initialized ===
[2026-01-25 01:20:21] [INFO] === AI Logging System Initialized ===
[2026-01-25 01:20:51] [INFO] === AI Logging System Initialized ===
[2026-01-25 01:21:21] [INFO] === AI Logging System Initialized ===
[2026-01-25 01:21:51] [INFO] === AI Logging System Initialized ===
[2026-01-25 01:22:21] [INFO] === AI Logging System Initialized ===
[2026-01-25 01:22:51] [INFO] === AI Logging System Initialized ===
[2026-01-25 01:23:21] [INFO] === AI Logging System Initialized ===
[2026-01-25 01:23:51] [INFO] === AI Logging System Initialized ===
[2026-01-25 01:24:21] [INFO] === AI Logging System Initialized ===
[2026-01-25 01:24:21] [ERROR] BACKEND FAILURE
Traceback (most recent call last):
  File "C:\Users\Dell\Downloads\datacollectionAIAgent-master\datacollectionAIAgent-master\main.py", line 59, in predict_silver
    raise RuntimeError("No sources available")
RuntimeError: No sources available
[2026-01-25 01:24:51] [INFO] === AI Logging System Initialized ===
[2026-01-25 01:24:51] [ERROR] BACKEND FAILURE
Traceback (most recent call last):
  File "C:\Users\Dell\Downloads\datacollectionAIAgent-master\datacollectionAIAgent-master\main.py", line 59, in predict_silver
    raise RuntimeError("No sources available")
RuntimeError: No sources available
[2026-01-25 01:25:21] [INFO] === AI Logging System Initialized ===
[2026-01-25 01:25:21] [ERROR] BACKEND FAILURE
Traceback (most recent call last):
  File "C:\Users\Dell\Downloads\datacollectionAIAgent-master\datacollectionAIAgent-master\main.py", line 59, in predict_silver
    raise RuntimeError("No sources available")
RuntimeError: No sources available
[2026-01-25 01:25:51] [INFO] === AI Logging System Initialized ===
[2026-01-25 01:25:51] [ERROR] BACKEND FAILURE
Traceback (most recent call last):
  File "C:\Users\Dell\Downloads\datacollectionAIAgent-master\datacollectionAIAgent-master\main.py", line 59, in predict_silver
    raise RuntimeError("No sources available")
RuntimeError: No sources available
[2026-01-25 01:26:21] [INFO] === AI Logging System Initialized ===
[2026-01-25 01:26:21] [ERROR] BACKEND FAILURE
Traceback (most recent call last):
  File "C:\Users\Dell\Downloads\datacollectionAIAgent-master\datacollectionAIAgent-master\main.py", line 59, in predict_silver
    raise RuntimeError("No sources available")
RuntimeError: No sources available
[2026-01-25 01:26:51] [INFO] === AI Logging System Initialized ===
[2026-01-25 01:26:51] [ERROR] BACKEND FAILURE
Traceback (most recent call last):
  File "C:\Users\Dell\Downloads\datacollectionAIAgent-master\datacollectionAIAgent-master\main.py", line 59, in predict_silver
    raise RuntimeError("No sources available")
RuntimeError: No sources available
[2026-01-25 01:27:21] [INFO] === AI Logging System Initialized ===
[2026-01-25 01:27:21] [ERROR] BACKEND FAILURE
Traceback (most recent call last):
  File "C:\Users\Dell\Downloads\datacollectionAIAgent-master\datacollectionAIAgent-master\main.py", line 59, in predict_silver
    raise RuntimeError("No sources available")
RuntimeError: No sources available
[2026-01-25 01:27:51] [INFO] === AI Logging System Initialized ===
[2026-01-25 01:27:51] [ERROR] BACKEND FAILURE
Traceback (most recent call last):
  File "C:\Users\Dell\Downloads\datacollectionAIAgent-master\datacollectionAIAgent-master\main.py", line 59, in predict_silver
    raise RuntimeError("No sources available")
RuntimeError: No sources available
[2026-01-25 01:28:21] [INFO] === AI Logging System Initialized ===
[2026-01-25 01:28:21] [ERROR] BACKEND FAILURE
Traceback (most recent call last):
  File "C:\Users\Dell\Downloads\datacollectionAIAgent-master\datacollectionAIAgent-master\main.py", line 59, in predict_silver
    raise RuntimeError("No sources available")
RuntimeError: No sources available
[2026-01-25 01:28:51] [INFO] === AI Logging System Initialized ===
[2026-01-25 01:28:51] [ERROR] BACKEND FAILURE
Traceback (most recent call last):
  File "C:\Users\Dell\Downloads\datacollectionAIAgent-master\datacollectionAIAgent-master\main.py", line 59, in predict_silver
    raise RuntimeError("No sources available")
RuntimeError: No sources available
[2026-01-25 01:29:21] [INFO] === AI Logging System Initialized ===
[2026-01-25 01:29:21] [ERROR] BACKEND FAILURE
Traceback (most recent call last):
  File "C:\Users\Dell\Downloads\datacollectionAIAgent-master\datacollectionAIAgent-master\main.py", line 59, in predict_silver
    raise RuntimeError("No sources available")
RuntimeError: No sources available
[2026-01-25 01:29:51] [INFO] === AI Logging System Initialized ===
[2026-01-25 01:29:51] [ERROR] BACKEND FAILURE
Traceback (most recent call last):
  File "C:\Users\Dell\Downloads\datacollectionAIAgent-master\datacollectionAIAgent-master\main.py", line 59, in predict_silver
    raise RuntimeError("No sources available")
RuntimeError: No sources available
[2026-01-25 01:30:21] [INFO] === AI Logging System Initialized ===
[2026-01-25 01:30:21] [ERROR] BACKEND FAILURE
Traceback (most recent call last):
  File "C:\Users\Dell\Downloads\datacollectionAIAgent-master\datacollectionAIAgent-master\main.py", line 59, in predict_silver
    raise RuntimeError("No sources available")
RuntimeError: No sources available
[2026-01-25 01:30:51] [INFO] === AI Logging System Initialized ===
[2026-01-25 01:30:51] [ERROR] BACKEND FAILURE
Traceback (most recent call last):
  File "C:\Users\Dell\Downloads\datacollectionAIAgent-master\datacollectionAIAgent-master\main.py", line 59, in predict_silver
    raise RuntimeError("No sources available")
RuntimeError: No sources available
[2026-01-25 01:31:21] [INFO] === AI Logging System Initialized ===
[2026-01-25 01:31:21] [ERROR] BACKEND FAILURE
Traceback (most recent call last):
  File "C:\Users\Dell\Downloads\datacollectionAIAgent-master\datacollectionAIAgent-master\main.py", line 59, in predict_silver
    raise RuntimeError("No sources available")
RuntimeError: No sources available
[2026-01-25 01:31:51] [INFO] === AI Logging System Initialized ===
[2026-01-25 01:31:51] [ERROR] BACKEND FAILURE
Traceback (most recent call last):
  File "C:\Users\Dell\Downloads\datacollectionAIAgent-master\datacollectionAIAgent-master\main.py", line 59, in predict_silver
    raise RuntimeError("No sources available")
RuntimeError: No sources available
[2026-01-25 01:32:21] [INFO] === AI Logging System Initialized ===
[2026-01-25 01:32:21] [ERROR] BACKEND FAILURE
Traceback (most recent call last):
  File "C:\Users\Dell\Downloads\datacollectionAIAgent-master\datacollectionAIAgent-master\main.py", line 59, in predict_silver
    raise RuntimeError("No sources available")
RuntimeError: No sources available
[2026-01-25 01:32:51] [INFO] === AI Logging System Initialized ===
[2026-01-25 01:32:51] [ERROR] BACKEND FAILURE
Traceback (most recent call last):
  File "C:\Users\Dell\Downloads\datacollectionAIAgent-master\datacollectionAIAgent-master\main.py", line 59, in predict_silver
    raise RuntimeError("No sources available")
RuntimeError: No sources available
[2026-01-25 01:33:21] [INFO] === AI Logging System Initialized ===
[2026-01-25 01:33:21] [ERROR] BACKEND FAILURE
Traceback (most recent call last):
  File "C:\Users\Dell\Downloads\datacollectionAIAgent-master\datacollectionAIAgent-master\main.py", line 59, in predict_silver
    raise RuntimeError("No sources available")
RuntimeError: No sources available
[2026-01-25 01:33:51] [INFO] === AI Logging System Initialized ===
[2026-01-25 01:33:51] [ERROR] BACKEND FAILURE
Traceback (most recent call last):
  File "C:\Users\Dell\Downloads\datacollectionAIAgent-master\datacollectionAIAgent-master\main.py", line 59, in predict_silver
    raise RuntimeError("No sources available")
RuntimeError: No sources available
[2026-01-25 01:34:21] [INFO] === AI Logging System Initialized ===
[2026-01-25 01:34:21] [ERROR] BACKEND FAILURE
Traceback (most recent call last):
  File "C:\Users\Dell\Downloads\datacollectionAIAgent-master\datacollectionAIAgent-master\main.py", line 59, in predict_silver
    raise RuntimeError("No sources available")
RuntimeError: No sources available
[2026-01-25 01:34:51] [INFO] === AI Logging System Initialized ===
[2026-01-25 01:34:51] [ERROR] BACKEND FAILURE
Traceback (most recent call last):
  File "C:\Users\Dell\Downloads\datacollectionAIAgent-master\datacollectionAIAgent-master\main.py", line 59, in predict_silver
    raise RuntimeError("No sources available")
RuntimeError: No sources available
[2026-01-25 01:35:21] [INFO] === AI Logging System Initialized ===
[2026-01-25 01:35:21] [ERROR] BACKEND FAILURE
Traceback (most recent call last):
  File "C:\Users\Dell\Downloads\datacollectionAIAgent-master\datacollectionAIAgent-master\main.py", line 59, in predict_silver
    raise RuntimeError("No sources available")
RuntimeError: No sources available
[2026-01-25 01:35:51] [INFO] === AI Logging System Initialized ===
[2026-01-25 01:35:51] [ERROR] BACKEND FAILURE
Traceback (most recent call last):
  File "C:\Users\Dell\Downloads\datacollectionAIAgent-master\datacollectionAIAgent-master\main.py", line 59, in predict_silver
    raise RuntimeError("No sources available")
RuntimeError: No sources available
[2026-01-25 01:36:21] [INFO] === AI Logging System Initialized ===
[2026-01-25 01:36:21] [ERROR] BACKEND FAILURE
Traceback (most recent call last):
  File "C:\Users\Dell\Downloads\datacollectionAIAgent-master\datacollectionAIAgent-master\main.py", line 59, in predict_silver
    raise RuntimeError("No sources available")
RuntimeError: No sources available
[2026-01-25 01:36:51] [INFO] === AI Logging System Initialized ===
[2026-01-25 01:36:51] [ERROR] BACKEND FAILURE
Traceback (most recent call last):
  File "C:\Users\Dell\Downloads\datacollectionAIAgent-master\datacollectionAIAgent-master\main.py", line 59, in predict_silver
    raise RuntimeError("No sources available")
RuntimeError: No sources available
[2026-01-25 01:37:21] [INFO] === AI Logging System Initialized ===
[2026-01-25 01:37:21] [ERROR] BACKEND FAILURE
Traceback (most recent call last):
  File "C:\Users\Dell\Downloads\datacollectionAIAgent-master\datacollectionAIAgent-master\main.py", line 59, in predict_silver
    raise RuntimeError("No sources available")
RuntimeError: No sources available
[2026-01-25 01:37:51] [INFO] === AI Logging System Initialized ===
[2026-01-25 01:37:51] [ERROR] BACKEND FAILURE
Traceback (most recent call last):
  File "C:\Users\Dell\Downloads\datacollectionAIAgent-master\datacollectionAIAgent-master\main.py", line 59, in predict_silver
    raise RuntimeError("No sources available")
RuntimeError: No sources available
[2026-01-25 01:38:21] [INFO] === AI Logging System Initialized ===
[2026-01-25 01:38:21] [ERROR] BACKEND FAILURE
Traceback (most recent call last):
  File "C:\Users\Dell\Downloads\datacollectionAIAgent-master\datacollectionAIAgent-master\main.py", line 59, in predict_silver
    raise RuntimeError("No sources available")
RuntimeError: No sources available
