[2026-01-25 09:58:31] [INFO] === AI Logging System Initialized ===
[2026-01-25 09:58:34] [INFO] ENV LOAD | Sources: ['spot_silver', 'silver_futures', 'alphavantage_silver']
[2026-01-25 09:58:35] [INFO] REWARD | silver_futures | quality=0.810 cost=0.35 sentiment=0.50 market=0.50 reward=0.510
[2026-01-25 09:58:41] [INFO] === AI Logging System Initialized ===
[2026-01-25 09:58:46] [INFO] ENV LOAD | Sources: ['spot_silver', 'silver_futures', 'alphavantage_silver']
[2026-01-25 09:58:51] [INFO] === AI Logging System Initialized ===
[2026-01-25 09:58:55] [INFO] ENV LOAD | Sources: ['spot_silver', 'silver_futures', 'alphavantage_silver']
[2026-01-25 09:59:01] [INFO] === AI Logging System Initialized ===
[2026-01-25 09:59:04] [INFO] ENV LOAD | Sources: ['spot_silver', 'silver_futures', 'alphavantage_silver']
[2026-01-25 09:59:11] [INFO] === AI Logging System Initialized ===
[2026-01-25 09:59:14] [INFO] ENV LOAD | Sources: ['spot_silver', 'silver_futures', 'alphavantage_silver']
[2026-01-25 09:59:15] [INFO] REWARD | spot_silver | quality=0.902 cost=0.30 sentiment=0.50 market=0.50 reward=0.653
[2026-01-25 09:59:50] [INFO] === AI Logging System Initialized ===
[2026-01-25 09:59:53] [INFO] ENV LOAD | Sources: ['spot_silver', 'silver_futures', 'alphavantage_silver']
[2026-01-25 09:59:53] [INFO] REWARD | spot_silver | quality=0.902 cost=0.30 sentiment=0.50 market=0.50 reward=0.653
[2026-01-25 10:00:50] [INFO] === AI Logging System Initialized ===
[2026-01-25 10:00:54] [INFO] ENV LOAD | Sources: ['spot_silver', 'silver_futures', 'alphavantage_silver']
[2026-01-25 10:00:54] [INFO] REWARD | spot_silver | quality=0.902 cost=0.30 sentiment=0.50 market=0.50 reward=0.653
[2026-01-25 10:01:24] [INFO] === AI Logging System Initialized ===
[2026-01-25 10:01:26] [INFO] ENV LOAD | Sources: ['spot_silver', 'silver_futures', 'alphavantage_silver']
[2026-01-25 10:01:27] [INFO] REWARD | spot_silver | quality=0.902 cost=0.30 sentiment=0.50 market=0.50 reward=0.653
[2026-01-25 10:01:30] [INFO] === AI Logging System Initialized ===
[2026-01-25 10:01:33] [INFO] ENV LOAD | Sources: ['spot_silver', 'silver_futures', 'alphavantage_silver']
[2026-01-25 10:01:40] [INFO] === AI Logging System Initialized ===
[2026-01-25 10:01:43] [INFO] ENV LOAD | Sources: ['spot_silver', 'silver_futures', 'alphavantage_silver']
[2026-01-25 10:01:50] [INFO] === AI Logging System Initialized ===
[2026-01-25 10:01:54] [INFO] ENV LOAD | Sources: ['spot_silver', 'silver_futures', 'alphavantage_silver']
[2026-01-25 10:02:00] [INFO] === AI Logging System Initialized ===
[2026-01-25 10:02:03] [INFO] ENV LOAD | Sources: ['spot_silver', 'silver_futures', 'alphavantage_silver']
[2026-01-25 10:02:03] [INFO] REWARD | alphavantage_silver | quality=0.704 cost=0.40 sentiment=0.50 market=0.50 reward=0.354
[2026-01-25 10:02:10] [INFO] === AI Logging System Initialized ===
[2026-01-25 10:02:13] [INFO] ENV LOAD | Sources: ['spot_silver', 'silver_futures', 'alphavantage_silver']
[2026-01-25 10:02:20] [INFO] === AI Logging System Initialized ===
[2026-01-25 10:02:23] [INFO] ENV LOAD | Sources: ['spot_silver', 'silver_futures', 'alphavantage_silver']
[2026-01-25 10:02:30] [INFO] === AI Logging System Initialized ===
[2026-01-25 10:02:33] [INFO] ENV LOAD | Sources: ['spot_silver', 'silver_futures', 'alphavantage_silver']
[2026-01-25 10:02:33] [INFO] REWARD | spot_silver | quality=0.902 cost=0.30 sentiment=0.50 market=0.50 reward=0.653
[2026-01-25 10:02:40] [INFO] === AI Logging System Initialized ===
[2026-01-25 10:02:43] [INFO] ENV LOAD | Sources: ['spot_silver', 'silver_futures', 'alphavantage_silver']
[2026-01-25 10:02:50] [INFO] === AI Logging System Initialized ===
[2026-01-25 10:02:53] [INFO] ENV LOAD | Sources: ['spot_silver', 'silver_futures', 'alphavantage_silver']
[2026-01-25 10:03:00] [INFO] === AI Logging System Initialized ===
[2026-01-25 10:03:03] [INFO] ENV LOAD | Sources: ['spot_silver', 'silver_futures', 'alphavantage_silver']
[2026-01-25 10:03:03] [INFO] REWARD | spot_silver | quality=0.902 cost=0.30 sentiment=0.50 market=0.50 reward=0.653
[2026-01-25 10:03:10] [INFO] === AI Logging System Initialized ===
[2026-01-25 10:03:13] [INFO] ENV LOAD | Sources: ['spot_silver', 'silver_futures', 'alphavantage_silver']
[2026-01-25 10:03:20] [INFO] === AI Logging System Initialized ===
[2026-01-25 10:03:23] [INFO] ENV LOAD | Sources: ['spot_silver', 'silver_futures', 'alphavantage_silver']
[2026-01-25 10:03:30] [INFO] === AI Logging System Initialized ===
[2026-01-25 10:03:33] [INFO] ENV LOAD | Sources: ['spot_silver', 'silver_futures', 'alphavantage_silver']
[2026-01-25 10:03:40] [INFO] === AI Logging System Initialized ===
[2026-01-25 10:03:43] [INFO] ENV LOAD | Sources: ['spot_silver', 'silver_futures', 'alphavantage_silver']
[2026-01-25 10:03:43] [INFO] REWARD | spot_silver | quality=0.902 cost=0.30 sentiment=0.50 market=0.50 reward=0.653
[2026-01-25 10:03:50] [INFO] === AI Logging System Initialized ===
[2026-01-25 10:03:53] [INFO] ENV LOAD | Sources: ['spot_silver', 'silver_futures', 'alphavantage_silver']
[2026-01-25 10:04:00] [INFO] === AI Logging System Initialized ===
[2026-01-25 10:04:03] [INFO] ENV LOAD | Sources: ['spot_silver', 'silver_futures', 'alphavantage_silver']
[2026-01-25 10:04:10] [INFO] === AI Logging System Initialized ===
[2026-01-25 10:04:14] [INFO] ENV LOAD | Sources: ['spot_silver', 'silver_futures', 'alphavantage_silver']
[2026-01-25 10:04:14] [INFO] REWARD | spot_silver | quality=0.902 cost=0.30 sentiment=0.50 market=0.50 reward=0.653
[2026-01-25 10:04:20] [INFO] === AI Logging System Initialized ===
[2026-01-25 10:04:23] [INFO] ENV LOAD | Sources: ['spot_silver', 'silver_futures', 'alphavantage_silver']
[2026-01-25 10:04:30] [INFO] === AI Logging System Initialized ===
[2026-01-25 10:04:35] [INFO] ENV LOAD | Sources: ['spot_silver', 'silver_futures', 'alphavantage_silver']
[2026-01-25 10:04:40] [INFO] === AI Logging System Initialized ===
[2026-01-25 10:04:43] [INFO] ENV LOAD | Sources: ['spot_silver', 'silver_futures', 'alphavantage_silver']
[2026-01-25 10:04:50] [INFO] === AI Logging System Initialized ===
[2026-01-25 10:04:53] [INFO] ENV LOAD | Sources: ['spot_silver', 'silver_futures', 'alphavantage_silver']
[2026-01-25 10:04:53] [INFO] REWARD | spot_silver | quality=0.902 cost=0.30 sentiment=0.50 market=0.50 reward=0.653
[2026-01-25 10:05:00] [INFO] === AI Logging System Initialized ===
[2026-01-25 10:05:03] [INFO] ENV LOAD | Sources: ['spot_silver', 'silver_futures', 'alphavantage_silver']
[2026-01-25 10:05:10] [INFO] === AI Logging System Initialized ===
[2026-01-25 10:05:13] [INFO] ENV LOAD | Sources: ['spot_silver', 'silver_futures', 'alphavantage_silver']
[2026-01-25 10:05:20] [INFO] === AI Logging System Initialized ===
[2026-01-25 10:05:23] [INFO] ENV LOAD | Sources: ['spot_silver', 'silver_futures', 'alphavantage_silver']
[2026-01-25 10:05:30] [INFO] === AI Logging System Initialized ===
[2026-01-25 10:05:33] [INFO] ENV LOAD | Sources: ['spot_silver', 'silver_futures', 'alphavantage_silver']
[2026-01-25 10:05:33] [INFO] REWARD | spot_silver | quality=0.902 cost=0.30 sentiment=0.50 market=0.50 reward=0.653
[2026-01-25 10:05:40] [INFO] === AI Logging System Initialized ===
[2026-01-25 10:05:43] [INFO] ENV LOAD | Sources: ['spot_silver', 'silver_futures', 'alphavantage_silver']
[2026-01-25 10:05:50] [INFO] === AI Logging System Initialized ===
[2026-01-25 10:05:53] [INFO] ENV LOAD | Sources: ['spot_silver', 'silver_futures', 'alphavantage_silver']
[2026-01-25 10:06:00] [INFO] === AI Logging System Initialized ===
[2026-01-25 10:06:03] [INFO] ENV LOAD | Sources: ['spot_silver', 'silver_futures', 'alphavantage_silver']
[2026-01-25 10:06:03] [INFO] REWARD | spot_silver | quality=0.902 cost=0.30 sentiment=0.50 market=0.50 reward=0.653
[2026-01-25 10:06:11] [INFO] === AI Logging System Initialized ===
[2026-01-25 10:06:14] [INFO] ENV LOAD | Sources: ['spot_silver', 'silver_futures', 'alphavantage_silver']
[2026-01-25 10:06:21] [INFO] === AI Logging System Initialized ===
[2026-01-25 10:06:24] [INFO] ENV LOAD | Sources: ['spot_silver', 'silver_futures', 'alphavantage_silver']
[2026-01-25 10:06:30] [INFO] === AI Logging System Initialized ===
[2026-01-25 10:06:33] [INFO] ENV LOAD | Sources: ['spot_silver', 'silver_futures', 'alphavantage_silver']
[2026-01-25 10:06:40] [INFO] === AI Logging System Initialized ===
[2026-01-25 10:06:43] [INFO] ENV LOAD | Sources: ['spot_silver', 'silver_futures', 'alphavantage_silver']
[2026-01-25 10:06:43] [INFO] REWARD | spot_silver | quality=0.902 cost=0.30 sentiment=0.50 market=0.50 reward=0.653
[2026-01-25 10:06:50] [INFO] === AI Logging System Initialized ===
[2026-01-25 10:06:53] [INFO] ENV LOAD | Sources: ['spot_silver', 'silver_futures', 'alphavantage_silver']
[2026-01-25 10:07:00] [INFO] === AI Logging System Initialized ===
[2026-01-25 10:07:03] [INFO] ENV LOAD | Sources: ['spot_silver', 'silver_futures', 'alphavantage_silver']
[2026-01-25 10:07:10] [INFO] === AI Logging System Initialized ===
[2026-01-25 10:07:13] [INFO] ENV LOAD | Sources: ['spot_silver', 'silver_futures', 'alphavantage_silver']
[2026-01-25 10:07:13] [INFO] REWARD | spot_silver | quality=0.902 cost=0.30 sentiment=0.50 market=0.50 reward=0.653
[2026-01-25 10:07:20] [INFO] === AI Logging System Initialized ===
[2026-01-25 10:07:23] [INFO] ENV LOAD | Sources: ['spot_silver', 'silver_futures', 'alphavantage_silver']
[2026-01-25 10:07:30] [INFO] === AI Logging System Initialized ===
[2026-01-25 10:07:33] [INFO] ENV LOAD | Sources: ['spot_silver', 'silver_futures', 'alphavantage_silver']
[2026-01-25 10:07:41] [INFO] === AI Logging System Initialized ===
[2026-01-25 10:07:44] [INFO] ENV LOAD | Sources: ['spot_silver', 'silver_futures', 'alphavantage_silver']
[2026-01-25 10:07:45] [INFO] REWARD | spot_silver | quality=0.902 cost=0.30 sentiment=0.50 market=0.50 reward=0.653
[2026-01-25 10:07:51] [INFO] === AI Logging System Initialized ===
[2026-01-25 10:07:54] [INFO] ENV LOAD | Sources: ['spot_silver', 'silver_futures', 'alphavantage_silver']
[2026-01-25 10:08:01] [INFO] === AI Logging System Initialized ===
[2026-01-25 10:08:04] [INFO] ENV LOAD | Sources: ['spot_silver', 'silver_futures', 'alphavantage_silver']
[2026-01-25 10:08:11] [INFO] === AI Logging System Initialized ===
[2026-01-25 10:08:13] [INFO] ENV LOAD | Sources: ['spot_silver', 'silver_futures', 'alphavantage_silver']
[2026-01-25 10:08:13] [INFO] REWARD | alphavantage_silver | quality=0.704 cost=0.40 sentiment=0.50 market=0.50 reward=0.354
[2026-01-25 10:08:21] [INFO] === AI Logging System Initialized ===
[2026-01-25 10:08:23] [INFO] ENV LOAD | Sources: ['spot_silver', 'silver_futures', 'alphavantage_silver']
[2026-01-25 10:08:23] [INFO] REWARD | alphavantage_silver | quality=0.704 cost=0.40 sentiment=0.50 market=0.50 reward=0.354
[2026-01-25 10:08:31] [INFO] === AI Logging System Initialized ===
[2026-01-25 10:08:34] [INFO] ENV LOAD | Sources: ['spot_silver', 'silver_futures', 'alphavantage_silver']
[2026-01-25 10:08:50] [INFO] === AI Logging System Initialized ===
[2026-01-25 10:08:53] [INFO] ENV LOAD | Sources: ['spot_silver', 'silver_futures', 'alphavantage_silver']
[2026-01-25 10:08:53] [INFO] === AI Logging System Initialized ===
[2026-01-25 10:08:54] [INFO] ENV LOAD | Sources: ['spot_silver', 'silver_futures', 'alphavantage_silver']
[2026-01-25 10:08:55] [INFO] REWARD | silver_futures | quality=0.810 cost=0.35 sentiment=0.50 market=0.50 reward=0.510
[2026-01-25 10:09:03] [INFO] === AI Logging System Initialized ===
[2026-01-25 10:09:16] [INFO] ENV LOAD | Sources: ['spot_silver', 'silver_futures', 'alphavantage_silver']
[2026-01-25 10:09:16] [INFO] === AI Logging System Initialized ===
[2026-01-25 10:09:29] [INFO] ENV LOAD | Sources: ['spot_silver', 'silver_futures', 'alphavantage_silver']
[2026-01-25 10:09:29] [INFO] REWARD | spot_silver | quality=0.902 cost=0.30 sentiment=0.50 market=0.50 reward=0.653
[2026-01-25 10:09:29] [INFO] === AI Logging System Initialized ===
[2026-01-25 10:09:42] [INFO] ENV LOAD | Sources: ['spot_silver', 'silver_futures', 'alphavantage_silver']
[2026-01-25 10:09:42] [INFO] === AI Logging System Initialized ===
[2026-01-25 10:09:44] [INFO] ENV LOAD | Sources: ['spot_silver', 'silver_futures', 'alphavantage_silver']
[2026-01-25 10:09:45] [INFO] === AI Logging System Initialized ===
[2026-01-25 10:09:47] [INFO] ENV LOAD | Sources: ['spot_silver', 'silver_futures', 'alphavantage_silver']
[2026-01-25 10:10:48] [INFO] === AI Logging System Initialized ===
[2026-01-25 10:10:50] [INFO] ENV LOAD | Sources: ['spot_silver', 'silver_futures', 'alphavantage_silver']
[2026-01-25 10:10:51] [INFO] REWARD | spot_silver | quality=0.902 cost=0.30 sentiment=0.50 market=0.50 reward=0.653
[2026-01-25 10:10:51] [INFO] === AI Logging System Initialized ===
[2026-01-25 10:10:53] [INFO] ENV LOAD | Sources: ['spot_silver', 'silver_futures', 'alphavantage_silver']
[2026-01-25 10:10:58] [INFO] === AI Logging System Initialized ===
[2026-01-25 10:11:01] [INFO] ENV LOAD | Sources: ['spot_silver', 'silver_futures', 'alphavantage_silver']
[2026-01-25 10:11:08] [INFO] === AI Logging System Initialized ===
[2026-01-25 10:11:11] [INFO] ENV LOAD | Sources: ['spot_silver', 'silver_futures', 'alphavantage_silver']
[2026-01-25 10:11:18] [INFO] === AI Logging System Initialized ===
[2026-01-25 10:11:21] [INFO] ENV LOAD | Sources: ['spot_silver', 'silver_futures', 'alphavantage_silver']
[2026-01-25 10:11:21] [INFO] REWARD | spot_silver | quality=0.902 cost=0.30 sentiment=0.50 market=0.50 reward=0.653
[2026-01-25 10:11:28] [INFO] === AI Logging System Initialized ===
[2026-01-25 10:11:31] [INFO] ENV LOAD | Sources: ['spot_silver', 'silver_futures', 'alphavantage_silver']
[2026-01-25 10:11:38] [INFO] === AI Logging System Initialized ===
[2026-01-25 10:11:41] [INFO] ENV LOAD | Sources: ['spot_silver', 'silver_futures', 'alphavantage_silver']
[2026-01-25 10:11:49] [INFO] === AI Logging System Initialized ===
[2026-01-25 10:11:51] [INFO] ENV LOAD | Sources: ['spot_silver', 'silver_futures', 'alphavantage_silver']
[2026-01-25 10:11:51] [INFO] REWARD | spot_silver | quality=0.902 cost=0.30 sentiment=0.50 market=0.50 reward=0.653
[2026-01-25 10:11:59] [INFO] === AI Logging System Initialized ===
[2026-01-25 10:12:01] [INFO] ENV LOAD | Sources: ['spot_silver', 'silver_futures', 'alphavantage_silver']
[2026-01-25 10:12:01] [INFO] === AI Logging System Initialized ===
[2026-01-25 10:12:03] [INFO] ENV LOAD | Sources: ['spot_silver', 'silver_futures', 'alphavantage_silver']
[2026-01-25 10:12:04] [INFO] === AI Logging System Initialized ===
[2026-01-25 10:12:07] [INFO] ENV LOAD | Sources: ['spot_silver', 'silver_futures', 'alphavantage_silver']
[2026-01-25 10:12:34] [INFO] === AI Logging System Initialized ===
[2026-01-25 10:12:37] [INFO] ENV LOAD | Sources: ['spot_silver', 'silver_futures', 'alphavantage_silver']
[2026-01-25 10:12:37] [INFO] REWARD | spot_silver | quality=0.902 cost=0.30 sentiment=0.50 market=0.50 reward=0.653
[2026-01-25 10:13:04] [INFO] === AI Logging System Initialized ===
[2026-01-25 10:13:07] [INFO] ENV LOAD | Sources: ['spot_silver', 'silver_futures', 'alphavantage_silver']
[2026-01-25 10:13:07] [INFO] REWARD | spot_silver | quality=0.902 cost=0.30 sentiment=0.50 market=0.50 reward=0.653
[2026-01-25 10:13:34] [INFO] === AI Logging System Initialized ===
[2026-01-25 10:13:37] [INFO] ENV LOAD | Sources: ['spot_silver', 'silver_futures', 'alphavantage_silver']
[2026-01-25 10:14:05] [INFO] === AI Logging System Initialized ===
[2026-01-25 10:14:08] [INFO] ENV LOAD | Sources: ['spot_silver', 'silver_futures', 'alphavantage_silver']
[2026-01-25 10:14:08] [INFO] REWARD | spot_silver | quality=0.902 cost=0.30 sentiment=0.50 market=0.50 reward=0.653
[2026-01-25 10:14:35] [INFO] === AI Logging System Initialized ===
[2026-01-25 10:14:38] [INFO] ENV LOAD | Sources: ['spot_silver', 'silver_futures', 'alphavantage_silver']
[2026-01-25 10:14:39] [INFO] REWARD | spot_silver | quality=0.902 cost=0.30 sentiment=0.50 market=0.50 reward=0.653
[2026-01-25 10:15:51] [INFO] === AI Logging System Initialized ===
[2026-01-25 10:15:53] [INFO] ENV LOAD | Sources: ['spot_silver', 'silver_futures', 'alphavantage_silver']
[2026-01-25 10:15:54] [INFO] REWARD | spot_silver | quality=0.902 cost=0.30 sentiment=0.50 market=0.50 reward=0.653
[2026-01-25 10:16:50] [INFO] === AI Logging System Initialized ===
[2026-01-25 10:16:53] [INFO] ENV LOAD | Sources: ['spot_silver', 'silver_futures', 'alphavantage_silver']
[2026-01-25 10:16:53] [INFO] REWARD | spot_silver | quality=0.902 cost=0.30 sentiment=0.50 market=0.50 reward=0.653
