[2026-01-25 13:50:50] [INFO] === AI Logging System Initialized ===
[2026-01-25 13:50:53] [INFO] ENV LOAD | Sources: ['spot_silver', 'silver_futures', 'alphavantage_silver']
[2026-01-25 13:50:53] [INFO] REWARD | spot_silver | quality=0.902 cost=0.30 sentiment=0.50 market=0.50 reward=0.652
[2026-01-25 13:50:53] [INFO] === AI Logging System Initialized ===
[2026-01-25 13:51:05] [INFO] ENV LOAD | Sources: ['spot_silver', 'silver_futures', 'alphavantage_silver']
[2026-01-25 13:51:50] [INFO] === AI Logging System Initialized ===
[2026-01-25 13:51:53] [INFO] ENV LOAD | Sources: ['spot_silver', 'silver_futures', 'alphavantage_silver']
[2026-01-25 13:51:53] [INFO] REWARD | spot_silver | quality=0.902 cost=0.30 sentiment=0.50 market=0.50 reward=0.652
[2026-01-25 13:51:53] [INFO] === AI Logging System Initialized ===
[2026-01-25 13:51:55] [INFO] ENV LOAD | Sources: ['spot_silver', 'silver_futures', 'alphavantage_silver']
[2026-01-25 13:52:11] [INFO] === AI Logging System Initialized ===
[2026-01-25 13:52:14] [INFO] ENV LOAD | Sources: ['spot_silver', 'silver_futures', 'alphavantage_silver']
[2026-01-25 13:52:41] [INFO] === AI Logging System Initialized ===
[2026-01-25 13:52:44] [INFO] ENV LOAD | Sources: ['spot_silver', 'silver_futures', 'alphavantage_silver']
[2026-01-25 13:52:44] [INFO] REWARD | spot_silver | quality=0.902 cost=0.30 sentiment=0.50 market=0.50 reward=0.652
[2026-01-25 13:52:50] [INFO] === AI Logging System Initialized ===
[2026-01-25 13:52:53] [INFO] ENV LOAD | Sources: ['spot_silver', 'silver_futures', 'alphavantage_silver']
[2026-01-25 13:53:11] [INFO] === AI Logging System Initialized ===
[2026-01-25 13:53:13] [INFO] ENV LOAD | Sources: ['spot_silver', 'silver_futures', 'alphavantage_silver']
[2026-01-25 13:53:41] [INFO] === AI Logging System Initialized ===
[2026-01-25 13:53:44] [INFO] ENV LOAD | Sources: ['spot_silver', 'silver_futures', 'alphavantage_silver']
[2026-01-25 13:53:44] [INFO] REWARD | alphavantage_silver | quality=0.704 cost=0.40 sentiment=0.50 market=0.50 reward=0.354
[2026-01-25 13:53:50] [INFO] === AI Logging System Initialized ===
[2026-01-25 13:53:53] [INFO] ENV LOAD | Sources: ['spot_silver', 'silver_futures', 'alphavantage_silver']
[2026-01-25 13:54:11] [INFO] === AI Logging System Initialized ===
[2026-01-25 13:54:13] [INFO] ENV LOAD | Sources: ['spot_silver', 'silver_futures', 'alphavantage_silver']
[2026-01-25 13:54:49] [INFO] === AI Logging System Initialized ===
[2026-01-25 13:54:51] [INFO] ENV LOAD | Sources: ['spot_silver', 'silver_futures', 'alphavantage_silver']
[2026-01-25 13:54:51] [INFO] REWARD | silver_futures | quality=0.810 cost=0.35 sentiment=0.50 market=0.50 reward=0.510
[2026-01-25 13:54:51] [INFO] === AI Logging System Initialized ===
[2026-01-25 13:54:54] [INFO] ENV LOAD | Sources: ['spot_silver', 'silver_futures', 'alphavantage_silver']
[2026-01-25 13:55:11] [INFO] === AI Logging System Initialized ===
[2026-01-25 13:55:14] [INFO] ENV LOAD | Sources: ['spot_silver', 'silver_futures', 'alphavantage_silver']
[2026-01-25 13:55:41] [INFO] === AI Logging System Initialized ===
[2026-01-25 13:55:43] [INFO] ENV LOAD | Sources: ['spot_silver', 'silver_futures', 'alphavantage_silver']
[2026-01-25 13:55:43] [INFO] REWARD | spot_silver | quality=0.902 cost=0.30 sentiment=0.50 market=0.50 reward=0.652
[2026-01-25 13:55:50] [INFO] === AI Logging System Initialized ===
[2026-01-25 13:55:54] [INFO] ENV LOAD | Sources: ['spot_silver', 'silver_futures', 'alphavantage_silver']
[2026-01-25 13:56:11] [INFO] === AI Logging System Initialized ===
[2026-01-25 13:56:13] [INFO] ENV LOAD | Sources: ['spot_silver', 'silver_futures', 'alphavantage_silver']
[2026-01-25 13:56:41] [INFO] === AI Logging System Initialized ===
[2026-01-25 13:56:44] [INFO] ENV LOAD | Sources: ['spot_silver', 'silver_futures', 'alphavantage_silver']
[2026-01-25 13:56:44] [INFO] REWARD | spot_silver | quality=0.902 cost=0.30 sentiment=0.50 market=0.50 reward=0.652
[2026-01-25 13:56:50] [INFO] === AI Logging System Initialized ===
[2026-01-25 13:56:53] [INFO] ENV LOAD | Sources: ['spot_silver', 'silver_futures', 'alphavantage_silver']
[2026-01-25 13:57:11] [INFO] === AI Logging System Initialized ===
[2026-01-25 13:57:15] [INFO] ENV LOAD | Sources: ['spot_silver', 'silver_futures', 'alphavantage_silver']
[2026-01-25 13:57:16] [INFO] REWARD | spot_silver | quality=0.902 cost=0.30 sentiment=0.50 market=0.50 reward=0.652
[2026-01-25 13:57:41] [INFO] === AI Logging System Initialized ===
[2026-01-25 13:57:43] [INFO] ENV LOAD | Sources: ['spot_silver', 'silver_futures', 'alphavantage_silver']
[2026-01-25 13:57:50] [INFO] === AI Logging System Initialized ===
[2026-01-25 13:57:53] [INFO] ENV LOAD | Sources: ['spot_silver', 'silver_futures', 'alphavantage_silver']
[2026-01-25 13:57:53] [INFO] REWARD | spot_silver | quality=0.902 cost=0.30 sentiment=0.50 market=0.50 reward=0.652
[2026-01-25 13:58:11] [INFO] === AI Logging System Initialized ===
[2026-01-25 13:58:13] [INFO] ENV LOAD | Sources: ['spot_silver', 'silver_futures', 'alphavantage_silver']
[2026-01-25 13:58:41] [INFO] === AI Logging System Initialized ===
[2026-01-25 13:58:43] [INFO] ENV LOAD | Sources: ['spot_silver', 'silver_futures', 'alphavantage_silver']
[2026-01-25 13:58:44] [INFO] REWARD | spot_silver | quality=0.902 cost=0.30 sentiment=0.50 market=0.50 reward=0.652
[2026-01-25 13:58:50] [INFO] === AI Logging System Initialized ===
[2026-01-25 13:58:55] [INFO] ENV LOAD | Sources: ['spot_silver', 'silver_futures', 'alphavantage_silver']
[2026-01-25 13:59:11] [INFO] === AI Logging System Initialized ===
[2026-01-25 13:59:14] [INFO] ENV LOAD | Sources: ['spot_silver', 'silver_futures', 'alphavantage_silver']
[2026-01-25 13:59:14] [INFO] REWARD | spot_silver | quality=0.902 cost=0.30 sentiment=0.50 market=0.50 reward=0.652
[2026-01-25 13:59:41] [INFO] === AI Logging System Initialized ===
[2026-01-25 13:59:44] [INFO] ENV LOAD | Sources: ['spot_silver', 'silver_futures', 'alphavantage_silver']
[2026-01-25 13:59:50] [INFO] === AI Logging System Initialized ===
[2026-01-25 13:59:53] [INFO] ENV LOAD | Sources: ['spot_silver', 'silver_futures', 'alphavantage_silver']
[2026-01-25 13:59:53] [INFO] REWARD | spot_silver | quality=0.902 cost=0.30 sentiment=0.50 market=0.50 reward=0.652
[2026-01-25 14:00:11] [INFO] === AI Logging System Initialized ===
[2026-01-25 14:00:13] [INFO] ENV LOAD | Sources: ['spot_silver', 'silver_futures', 'alphavantage_silver']
[2026-01-25 14:00:41] [INFO] === AI Logging System Initialized ===
[2026-01-25 14:00:43] [INFO] ENV LOAD | Sources: ['spot_silver', 'silver_futures', 'alphavantage_silver']
[2026-01-25 14:00:44] [INFO] REWARD | spot_silver | quality=0.902 cost=0.30 sentiment=0.50 market=0.50 reward=0.652
[2026-01-25 14:00:50] [INFO] === AI Logging System Initialized ===
[2026-01-25 14:00:53] [INFO] ENV LOAD | Sources: ['spot_silver', 'silver_futures', 'alphavantage_silver']
[2026-01-25 14:01:11] [INFO] === AI Logging System Initialized ===
[2026-01-25 14:01:13] [INFO] ENV LOAD | Sources: ['spot_silver', 'silver_futures', 'alphavantage_silver']
[2026-01-25 14:01:14] [INFO] REWARD | spot_silver | quality=0.902 cost=0.30 sentiment=0.50 market=0.50 reward=0.652
[2026-01-25 14:01:41] [INFO] === AI Logging System Initialized ===
[2026-01-25 14:01:43] [INFO] ENV LOAD | Sources: ['spot_silver', 'silver_futures', 'alphavantage_silver']
[2026-01-25 14:01:43] [INFO] REWARD | silver_futures | quality=0.810 cost=0.35 sentiment=0.50 market=0.50 reward=0.510
[2026-01-25 14:01:50] [INFO] === AI Logging System Initialized ===
[2026-01-25 14:01:53] [INFO] ENV LOAD | Sources: ['spot_silver', 'silver_futures', 'alphavantage_silver']
[2026-01-25 14:02:11] [INFO] === AI Logging System Initialized ===
[2026-01-25 14:02:13] [INFO] ENV LOAD | Sources: ['spot_silver', 'silver_futures', 'alphavantage_silver']
[2026-01-25 14:02:14] [INFO] REWARD | spot_silver | quality=0.902 cost=0.30 sentiment=0.50 market=0.50 reward=0.652
[2026-01-25 14:02:41] [INFO] === AI Logging System Initialized ===
[2026-01-25 14:02:44] [INFO] ENV LOAD | Sources: ['spot_silver', 'silver_futures', 'alphavantage_silver']
[2026-01-25 14:02:44] [INFO] REWARD | alphavantage_silver | quality=0.704 cost=0.40 sentiment=0.50 market=0.50 reward=0.354
[2026-01-25 14:02:50] [INFO] === AI Logging System Initialized ===
[2026-01-25 14:02:53] [INFO] ENV LOAD | Sources: ['spot_silver', 'silver_futures', 'alphavantage_silver']
[2026-01-25 14:03:11] [INFO] === AI Logging System Initialized ===
[2026-01-25 14:03:13] [INFO] ENV LOAD | Sources: ['spot_silver', 'silver_futures', 'alphavantage_silver']
[2026-01-25 14:03:41] [INFO] === AI Logging System Initialized ===
[2026-01-25 14:03:43] [INFO] ENV LOAD | Sources: ['spot_silver', 'silver_futures', 'alphavantage_silver']
[2026-01-25 14:03:44] [INFO] REWARD | spot_silver | quality=0.902 cost=0.30 sentiment=0.50 market=0.50 reward=0.652
[2026-01-25 14:03:50] [INFO] === AI Logging System Initialized ===
[2026-01-25 14:03:53] [INFO] ENV LOAD | Sources: ['spot_silver', 'silver_futures', 'alphavantage_silver']
[2026-01-25 14:04:11] [INFO] === AI Logging System Initialized ===
[2026-01-25 14:04:14] [INFO] ENV LOAD | Sources: ['spot_silver', 'silver_futures', 'alphavantage_silver']
[2026-01-25 14:04:14] [INFO] REWARD | spot_silver | quality=0.902 cost=0.30 sentiment=0.50 market=0.50 reward=0.652
[2026-01-25 14:04:41] [INFO] === AI Logging System Initialized ===
[2026-01-25 14:04:44] [INFO] ENV LOAD | Sources: ['spot_silver', 'silver_futures', 'alphavantage_silver']
[2026-01-25 14:04:44] [INFO] REWARD | spot_silver | quality=0.902 cost=0.30 sentiment=0.50 market=0.50 reward=0.652
[2026-01-25 14:04:50] [INFO] === AI Logging System Initialized ===
[2026-01-25 14:04:53] [INFO] ENV LOAD | Sources: ['spot_silver', 'silver_futures', 'alphavantage_silver']
[2026-01-25 14:05:11] [INFO] === AI Logging System Initialized ===
[2026-01-25 14:05:14] [INFO] ENV LOAD | Sources: ['spot_silver', 'silver_futures', 'alphavantage_silver']
[2026-01-25 14:05:41] [INFO] === AI Logging System Initialized ===
[2026-01-25 14:05:44] [INFO] ENV LOAD | Sources: ['spot_silver', 'silver_futures', 'alphavantage_silver']
[2026-01-25 14:05:44] [INFO] REWARD | spot_silver | quality=0.902 cost=0.30 sentiment=0.50 market=0.50 reward=0.652
[2026-01-25 14:05:50] [INFO] === AI Logging System Initialized ===
[2026-01-25 14:05:53] [INFO] ENV LOAD | Sources: ['spot_silver', 'silver_futures', 'alphavantage_silver']
[2026-01-25 14:06:11] [INFO] === AI Logging System Initialized ===
[2026-01-25 14:06:14] [INFO] ENV LOAD | Sources: ['spot_silver', 'silver_futures', 'alphavantage_silver']
[2026-01-25 14:06:14] [INFO] REWARD | spot_silver | quality=0.902 cost=0.30 sentiment=0.50 market=0.50 reward=0.652
[2026-01-25 14:06:41] [INFO] === AI Logging System Initialized ===
[2026-01-25 14:06:43] [INFO] ENV LOAD | Sources: ['spot_silver', 'silver_futures', 'alphavantage_silver']
[2026-01-25 14:06:50] [INFO] === AI Logging System Initialized ===
[2026-01-25 14:06:54] [INFO] ENV LOAD | Sources: ['spot_silver', 'silver_futures', 'alphavantage_silver']
[2026-01-25 14:06:54] [INFO] REWARD | spot_silver | quality=0.902 cost=0.30 sentiment=0.50 market=0.50 reward=0.652
[2026-01-25 14:07:11] [INFO] === AI Logging System Initialized ===
[2026-01-25 14:07:14] [INFO] ENV LOAD | Sources: ['spot_silver', 'silver_futures', 'alphavantage_silver']
[2026-01-25 14:07:14] [INFO] REWARD | silver_futures | quality=0.810 cost=0.35 sentiment=0.50 market=0.50 reward=0.510
[2026-01-25 14:07:41] [INFO] === AI Logging System Initialized ===
[2026-01-25 14:07:44] [INFO] ENV LOAD | Sources: ['spot_silver', 'silver_futures', 'alphavantage_silver']
[2026-01-25 14:07:50] [INFO] === AI Logging System Initialized ===
[2026-01-25 14:07:56] [INFO] ENV LOAD | Sources: ['spot_silver', 'silver_futures', 'alphavantage_silver']
[2026-01-25 14:07:56] [INFO] REWARD | spot_silver | quality=0.902 cost=0.30 sentiment=0.50 market=0.50 reward=0.652
[2026-01-25 14:08:11] [INFO] === AI Logging System Initialized ===
[2026-01-25 14:08:19] [INFO] ENV LOAD | Sources: ['spot_silver', 'silver_futures', 'alphavantage_silver']
[2026-01-25 14:08:41] [INFO] === AI Logging System Initialized ===
[2026-01-25 14:08:43] [INFO] ENV LOAD | Sources: ['spot_silver', 'silver_futures', 'alphavantage_silver']
[2026-01-25 14:08:43] [INFO] REWARD | spot_silver | quality=0.902 cost=0.30 sentiment=0.50 market=0.50 reward=0.652
[2026-01-25 14:08:50] [INFO] === AI Logging System Initialized ===
[2026-01-25 14:08:53] [INFO] ENV LOAD | Sources: ['spot_silver', 'silver_futures', 'alphavantage_silver']
[2026-01-25 14:08:54] [INFO] REWARD | silver_futures | quality=0.810 cost=0.35 sentiment=0.50 market=0.50 reward=0.510
[2026-01-25 14:09:11] [INFO] === AI Logging System Initialized ===
[2026-01-25 14:09:13] [INFO] ENV LOAD | Sources: ['spot_silver', 'silver_futures', 'alphavantage_silver']
[2026-01-25 14:09:41] [INFO] === AI Logging System Initialized ===
[2026-01-25 14:09:45] [INFO] ENV LOAD | Sources: ['spot_silver', 'silver_futures', 'alphavantage_silver']
[2026-01-25 14:09:45] [INFO] REWARD | spot_silver | quality=0.902 cost=0.30 sentiment=0.50 market=0.50 reward=0.652
[2026-01-25 14:09:50] [INFO] === AI Logging System Initialized ===
[2026-01-25 14:09:53] [INFO] ENV LOAD | Sources: ['spot_silver', 'silver_futures', 'alphavantage_silver']
[2026-01-25 14:10:11] [INFO] === AI Logging System Initialized ===
[2026-01-25 14:10:13] [INFO] ENV LOAD | Sources: ['spot_silver', 'silver_futures', 'alphavantage_silver']
[2026-01-25 14:10:41] [INFO] === AI Logging System Initialized ===
[2026-01-25 14:10:44] [INFO] ENV LOAD | Sources: ['spot_silver', 'silver_futures', 'alphavantage_silver']
[2026-01-25 14:10:44] [INFO] REWARD | spot_silver | quality=0.902 cost=0.30 sentiment=0.50 market=0.50 reward=0.652
[2026-01-25 14:10:50] [INFO] === AI Logging System Initialized ===
[2026-01-25 14:10:53] [INFO] ENV LOAD | Sources: ['spot_silver', 'silver_futures', 'alphavantage_silver']
[2026-01-25 14:11:11] [INFO] === AI Logging System Initialized ===
[2026-01-25 14:11:13] [INFO] ENV LOAD | Sources: ['spot_silver', 'silver_futures', 'alphavantage_silver']
[2026-01-25 14:11:41] [INFO] === AI Logging System Initialized ===
[2026-01-25 14:11:47] [INFO] ENV LOAD | Sources: ['spot_silver', 'silver_futures', 'alphavantage_silver']
[2026-01-25 14:11:47] [INFO] REWARD | spot_silver | quality=0.902 cost=0.30 sentiment=0.50 market=0.50 reward=0.652
[2026-01-25 14:11:50] [INFO] === AI Logging System Initialized ===
[2026-01-25 14:11:53] [INFO] ENV LOAD | Sources: ['spot_silver', 'silver_futures', 'alphavantage_silver']
[2026-01-25 14:12:11] [INFO] === AI Logging System Initialized ===
[2026-01-25 14:12:14] [INFO] ENV LOAD | Sources: ['spot_silver', 'silver_futures', 'alphavantage_silver']
[2026-01-25 14:12:41] [INFO] === AI Logging System Initialized ===
[2026-01-25 14:12:43] [INFO] ENV LOAD | Sources: ['spot_silver', 'silver_futures', 'alphavantage_silver']
[2026-01-25 14:12:43] [INFO] REWARD | spot_silver | quality=0.902 cost=0.30 sentiment=0.50 market=0.50 reward=0.652
[2026-01-25 14:12:50] [INFO] === AI Logging System Initialized ===
[2026-01-25 14:12:53] [INFO] ENV LOAD | Sources: ['spot_silver', 'silver_futures', 'alphavantage_silver']
[2026-01-25 14:13:11] [INFO] === AI Logging System Initialized ===
[2026-01-25 14:13:14] [INFO] ENV LOAD | Sources: ['spot_silver', 'silver_futures', 'alphavantage_silver']
[2026-01-25 14:13:14] [INFO] REWARD | spot_silver | quality=0.902 cost=0.30 sentiment=0.50 market=0.50 reward=0.652
[2026-01-25 14:13:41] [INFO] === AI Logging System Initialized ===
[2026-01-25 14:13:44] [INFO] ENV LOAD | Sources: ['spot_silver', 'silver_futures', 'alphavantage_silver']
[2026-01-25 14:13:50] [INFO] === AI Logging System Initialized ===
[2026-01-25 14:13:53] [INFO] ENV LOAD | Sources: ['spot_silver', 'silver_futures', 'alphavantage_silver']
[2026-01-25 14:13:53] [INFO] REWARD | spot_silver | quality=0.902 cost=0.30 sentiment=0.50 market=0.50 reward=0.652
[2026-01-25 14:14:11] [INFO] === AI Logging System Initialized ===
[2026-01-25 14:14:14] [INFO] ENV LOAD | Sources: ['spot_silver', 'silver_futures', 'alphavantage_silver']
[2026-01-25 14:14:41] [INFO] === AI Logging System Initialized ===
[2026-01-25 14:14:44] [INFO] ENV LOAD | Sources: ['spot_silver', 'silver_futures', 'alphavantage_silver']
[2026-01-25 14:14:44] [INFO] REWARD | spot_silver | quality=0.902 cost=0.30 sentiment=0.50 market=0.50 reward=0.652
[2026-01-25 14:14:50] [INFO] === AI Logging System Initialized ===
[2026-01-25 14:14:54] [INFO] ENV LOAD | Sources: ['spot_silver', 'silver_futures', 'alphavantage_silver']
[2026-01-25 14:15:11] [INFO] === AI Logging System Initialized ===
[2026-01-25 14:15:14] [INFO] ENV LOAD | Sources: ['spot_silver', 'silver_futures', 'alphavantage_silver']
[2026-01-25 14:15:41] [INFO] === AI Logging System Initialized ===
[2026-01-25 14:15:43] [INFO] ENV LOAD | Sources: ['spot_silver', 'silver_futures', 'alphavantage_silver']
[2026-01-25 14:15:44] [INFO] REWARD | spot_silver | quality=0.902 cost=0.30 sentiment=0.50 market=0.50 reward=0.652
[2026-01-25 14:15:50] [INFO] === AI Logging System Initialized ===
[2026-01-25 14:15:53] [INFO] ENV LOAD | Sources: ['spot_silver', 'silver_futures', 'alphavantage_silver']
[2026-01-25 14:16:11] [INFO] === AI Logging System Initialized ===
[2026-01-25 14:16:14] [INFO] ENV LOAD | Sources: ['spot_silver', 'silver_futures', 'alphavantage_silver']
[2026-01-25 14:16:14] [INFO] REWARD | spot_silver | quality=0.902 cost=0.30 sentiment=0.50 market=0.50 reward=0.652
[2026-01-25 14:16:41] [INFO] === AI Logging System Initialized ===
[2026-01-25 14:16:44] [INFO] ENV LOAD | Sources: ['spot_silver', 'silver_futures', 'alphavantage_silver']
[2026-01-25 14:16:44] [INFO] REWARD | spot_silver | quality=0.902 cost=0.30 sentiment=0.50 market=0.50 reward=0.652
[2026-01-25 14:16:50] [INFO] === AI Logging System Initialized ===
[2026-01-25 14:16:53] [INFO] ENV LOAD | Sources: ['spot_silver', 'silver_futures', 'alphavantage_silver']
[2026-01-25 14:17:11] [INFO] === AI Logging System Initialized ===
[2026-01-25 14:17:15] [INFO] ENV LOAD | Sources: ['spot_silver', 'silver_futures', 'alphavantage_silver']
[2026-01-25 14:17:15] [INFO] REWARD | spot_silver | quality=0.902 cost=0.30 sentiment=0.50 market=0.50 reward=0.652
[2026-01-25 14:17:41] [INFO] === AI Logging System Initialized ===
[2026-01-25 14:17:46] [INFO] ENV LOAD | Sources: ['spot_silver', 'silver_futures', 'alphavantage_silver']
[2026-01-25 14:17:46] [INFO] REWARD | spot_silver | quality=0.902 cost=0.30 sentiment=0.50 market=0.50 reward=0.652
[2026-01-25 14:17:50] [INFO] === AI Logging System Initialized ===
[2026-01-25 14:17:53] [INFO] ENV LOAD | Sources: ['spot_silver', 'silver_futures', 'alphavantage_silver']
[2026-01-25 14:18:11] [INFO] === AI Logging System Initialized ===
[2026-01-25 14:18:14] [INFO] ENV LOAD | Sources: ['spot_silver', 'silver_futures', 'alphavantage_silver']
[2026-01-25 14:18:14] [INFO] REWARD | silver_futures | quality=0.810 cost=0.35 sentiment=0.50 market=0.50 reward=0.510
[2026-01-25 14:18:41] [INFO] === AI Logging System Initialized ===
[2026-01-25 14:18:45] [INFO] ENV LOAD | Sources: ['spot_silver', 'silver_futures', 'alphavantage_silver']
[2026-01-25 14:18:45] [INFO] REWARD | spot_silver | quality=0.902 cost=0.30 sentiment=0.50 market=0.50 reward=0.652
[2026-01-25 14:18:50] [INFO] === AI Logging System Initialized ===
[2026-01-25 14:18:53] [INFO] ENV LOAD | Sources: ['spot_silver', 'silver_futures', 'alphavantage_silver']
[2026-01-25 14:19:11] [INFO] === AI Logging System Initialized ===
[2026-01-25 14:19:15] [INFO] ENV LOAD | Sources: ['spot_silver', 'silver_futures', 'alphavantage_silver']
[2026-01-25 14:19:41] [INFO] === AI Logging System Initialized ===
[2026-01-25 14:19:44] [INFO] ENV LOAD | Sources: ['spot_silver', 'silver_futures', 'alphavantage_silver']
[2026-01-25 14:19:44] [INFO] REWARD | spot_silver | quality=0.902 cost=0.30 sentiment=0.50 market=0.50 reward=0.652
[2026-01-25 14:19:50] [INFO] === AI Logging System Initialized ===
[2026-01-25 14:19:53] [INFO] ENV LOAD | Sources: ['spot_silver', 'silver_futures', 'alphavantage_silver']
[2026-01-25 14:20:11] [INFO] === AI Logging System Initialized ===
[2026-01-25 14:20:14] [INFO] ENV LOAD | Sources: ['spot_silver', 'silver_futures', 'alphavantage_silver']
[2026-01-25 14:20:41] [INFO] === AI Logging System Initialized ===
[2026-01-25 14:20:43] [INFO] ENV LOAD | Sources: ['spot_silver', 'silver_futures', 'alphavantage_silver']
[2026-01-25 14:20:44] [INFO] REWARD | spot_silver | quality=0.902 cost=0.30 sentiment=0.50 market=0.50 reward=0.652
[2026-01-25 14:20:50] [INFO] === AI Logging System Initialized ===
[2026-01-25 14:20:53] [INFO] ENV LOAD | Sources: ['spot_silver', 'silver_futures', 'alphavantage_silver']
[2026-01-25 14:21:11] [INFO] === AI Logging System Initialized ===
[2026-01-25 14:21:15] [INFO] ENV LOAD | Sources: ['spot_silver', 'silver_futures', 'alphavantage_silver']
[2026-01-25 14:21:15] [INFO] REWARD | spot_silver | quality=0.902 cost=0.30 sentiment=0.50 market=0.50 reward=0.652
[2026-01-25 14:21:41] [INFO] === AI Logging System Initialized ===
[2026-01-25 14:21:44] [INFO] ENV LOAD | Sources: ['spot_silver', 'silver_futures', 'alphavantage_silver']
[2026-01-25 14:21:50] [INFO] === AI Logging System Initialized ===
[2026-01-25 14:21:53] [INFO] ENV LOAD | Sources: ['spot_silver', 'silver_futures', 'alphavantage_silver']
[2026-01-25 14:21:53] [INFO] REWARD | spot_silver | quality=0.902 cost=0.30 sentiment=0.50 market=0.50 reward=0.652
[2026-01-25 14:22:11] [INFO] === AI Logging System Initialized ===
[2026-01-25 14:22:16] [INFO] ENV LOAD | Sources: ['spot_silver', 'silver_futures', 'alphavantage_silver']
[2026-01-25 14:22:50] [INFO] === AI Logging System Initialized ===
[2026-01-25 14:22:53] [INFO] ENV LOAD | Sources: ['spot_silver', 'silver_futures', 'alphavantage_silver']
[2026-01-25 14:22:53] [INFO] REWARD | spot_silver | quality=0.902 cost=0.30 sentiment=0.50 market=0.50 reward=0.652
[2026-01-25 14:22:53] [INFO] === AI Logging System Initialized ===
[2026-01-25 14:22:58] [INFO] ENV LOAD | Sources: ['spot_silver', 'silver_futures', 'alphavantage_silver']
[2026-01-25 14:23:50] [INFO] === AI Logging System Initialized ===
[2026-01-25 14:23:53] [INFO] ENV LOAD | Sources: ['spot_silver', 'silver_futures', 'alphavantage_silver']
[2026-01-25 14:23:54] [INFO] REWARD | spot_silver | quality=0.902 cost=0.30 sentiment=0.50 market=0.50 reward=0.652
[2026-01-25 14:23:54] [INFO] === AI Logging System Initialized ===
[2026-01-25 14:23:57] [INFO] ENV LOAD | Sources: ['spot_silver', 'silver_futures', 'alphavantage_silver']
[2026-01-25 14:24:50] [INFO] === AI Logging System Initialized ===
[2026-01-25 14:24:53] [INFO] ENV LOAD | Sources: ['spot_silver', 'silver_futures', 'alphavantage_silver']
[2026-01-25 14:24:54] [INFO] REWARD | silver_futures | quality=0.810 cost=0.35 sentiment=0.50 market=0.50 reward=0.510
[2026-01-25 14:24:54] [INFO] === AI Logging System Initialized ===
[2026-01-25 14:24:57] [INFO] ENV LOAD | Sources: ['spot_silver', 'silver_futures', 'alphavantage_silver']
[2026-01-25 14:25:50] [INFO] === AI Logging System Initialized ===
[2026-01-25 14:25:54] [INFO] ENV LOAD | Sources: ['spot_silver', 'silver_futures', 'alphavantage_silver']
[2026-01-25 14:25:55] [INFO] REWARD | spot_silver | quality=0.902 cost=0.30 sentiment=0.50 market=0.50 reward=0.652
[2026-01-25 14:25:55] [INFO] === AI Logging System Initialized ===
[2026-01-25 14:26:08] [INFO] ENV LOAD | Sources: ['spot_silver', 'silver_futures', 'alphavantage_silver']
[2026-01-25 14:26:50] [INFO] === AI Logging System Initialized ===
[2026-01-25 14:26:54] [INFO] ENV LOAD | Sources: ['spot_silver', 'silver_futures', 'alphavantage_silver']
[2026-01-25 14:26:54] [INFO] REWARD | spot_silver | quality=0.902 cost=0.30 sentiment=0.50 market=0.50 reward=0.652
[2026-01-25 14:26:55] [INFO] === AI Logging System Initialized ===
[2026-01-25 14:26:59] [INFO] ENV LOAD | Sources: ['spot_silver', 'silver_futures', 'alphavantage_silver']
[2026-01-25 14:27:50] [INFO] === AI Logging System Initialized ===
[2026-01-25 14:27:53] [INFO] ENV LOAD | Sources: ['spot_silver', 'silver_futures', 'alphavantage_silver']
[2026-01-25 14:27:53] [INFO] REWARD | spot_silver | quality=0.902 cost=0.30 sentiment=0.50 market=0.50 reward=0.652
[2026-01-25 14:27:53] [INFO] === AI Logging System Initialized ===
[2026-01-25 14:27:56] [INFO] ENV LOAD | Sources: ['spot_silver', 'silver_futures', 'alphavantage_silver']
[2026-01-25 14:27:56] [INFO] REWARD | silver_futures | quality=0.810 cost=0.35 sentiment=0.50 market=0.50 reward=0.510
[2026-01-25 14:28:50] [INFO] === AI Logging System Initialized ===
[2026-01-25 14:28:53] [INFO] ENV LOAD | Sources: ['spot_silver', 'silver_futures', 'alphavantage_silver']
[2026-01-25 14:28:53] [INFO] REWARD | spot_silver | quality=0.902 cost=0.30 sentiment=0.50 market=0.50 reward=0.652
[2026-01-25 14:28:54] [INFO] === AI Logging System Initialized ===
[2026-01-25 14:28:56] [INFO] ENV LOAD | Sources: ['spot_silver', 'silver_futures', 'alphavantage_silver']
[2026-01-25 14:29:50] [INFO] === AI Logging System Initialized ===
[2026-01-25 14:29:54] [INFO] ENV LOAD | Sources: ['spot_silver', 'silver_futures', 'alphavantage_silver']
[2026-01-25 14:29:54] [INFO] REWARD | spot_silver | quality=0.902 cost=0.30 sentiment=0.50 market=0.50 reward=0.652
[2026-01-25 14:29:54] [INFO] === AI Logging System Initialized ===
[2026-01-25 14:29:57] [INFO] ENV LOAD | Sources: ['spot_silver', 'silver_futures', 'alphavantage_silver']
[2026-01-25 14:30:50] [INFO] === AI Logging System Initialized ===
[2026-01-25 14:30:54] [INFO] ENV LOAD | Sources: ['spot_silver', 'silver_futures', 'alphavantage_silver']
[2026-01-25 14:30:54] [INFO] REWARD | spot_silver | quality=0.902 cost=0.30 sentiment=0.50 market=0.50 reward=0.652
[2026-01-25 14:30:54] [INFO] === AI Logging System Initialized ===
[2026-01-25 14:30:57] [INFO] ENV LOAD | Sources: ['spot_silver', 'silver_futures', 'alphavantage_silver']
[2026-01-25 14:31:50] [INFO] === AI Logging System Initialized ===
[2026-01-25 14:31:53] [INFO] ENV LOAD | Sources: ['spot_silver', 'silver_futures', 'alphavantage_silver']
[2026-01-25 14:31:53] [INFO] REWARD | spot_silver | quality=0.902 cost=0.30 sentiment=0.50 market=0.50 reward=0.652
[2026-01-25 14:31:53] [INFO] === AI Logging System Initialized ===
[2026-01-25 14:31:57] [INFO] ENV LOAD | Sources: ['spot_silver', 'silver_futures', 'alphavantage_silver']
