[2026-01-25 07:55:50] [INFO] === AI Logging System Initialized ===
[2026-01-25 07:55:53] [INFO] ENV LOAD | Sources: ['spot_silver', 'silver_futures', 'alphavantage_silver']
[2026-01-25 07:55:53] [INFO] REWARD | spot_silver | quality=0.902 cost=0.30 sentiment=0.50 market=0.50 reward=0.653
[2026-01-25 07:56:07] [INFO] === AI Logging System Initialized ===
[2026-01-25 07:56:09] [INFO] ENV LOAD | Sources: ['spot_silver', 'silver_futures', 'alphavantage_silver']
[2026-01-25 07:56:20] [INFO] === AI Logging System Initialized ===
[2026-01-25 07:56:23] [INFO] ENV LOAD | Sources: ['spot_silver', 'silver_futures', 'alphavantage_silver']
[2026-01-25 07:56:23] [INFO] REWARD | spot_silver | quality=0.902 cost=0.30 sentiment=0.50 market=0.50 reward=0.653
[2026-01-25 07:56:50] [INFO] === AI Logging System Initialized ===
[2026-01-25 07:56:53] [INFO] ENV LOAD | Sources: ['spot_silver', 'silver_futures', 'alphavantage_silver']
[2026-01-25 07:56:53] [INFO] REWARD | spot_silver | quality=0.902 cost=0.30 sentiment=0.50 market=0.50 reward=0.653
[2026-01-25 07:57:07] [INFO] === AI Logging System Initialized ===
[2026-01-25 07:57:09] [INFO] ENV LOAD | Sources: ['spot_silver', 'silver_futures', 'alphavantage_silver']
[2026-01-25 07:58:07] [INFO] === AI Logging System Initialized ===
[2026-01-25 07:58:10] [INFO] ENV LOAD | Sources: ['spot_silver', 'silver_futures', 'alphavantage_silver']
[2026-01-25 07:58:10] [INFO] REWARD | spot_silver | quality=0.902 cost=0.30 sentiment=0.50 market=0.50 reward=0.653
[2026-01-25 07:58:10] [INFO] === AI Logging System Initialized ===
[2026-01-25 07:58:12] [INFO] ENV LOAD | Sources: ['spot_silver', 'silver_futures', 'alphavantage_silver']
[2026-01-25 07:59:07] [INFO] === AI Logging System Initialized ===
[2026-01-25 07:59:09] [INFO] ENV LOAD | Sources: ['spot_silver', 'silver_futures', 'alphavantage_silver']
[2026-01-25 07:59:10] [INFO] REWARD | spot_silver | quality=0.902 cost=0.30 sentiment=0.50 market=0.50 reward=0.653
[2026-01-25 07:59:10] [INFO] === AI Logging System Initialized ===
[2026-01-25 07:59:12] [INFO] ENV LOAD | Sources: ['spot_silver', 'silver_futures', 'alphavantage_silver']
[2026-01-25 07:59:12] [INFO] REWARD | silver_futures | quality=0.810 cost=0.35 sentiment=0.50 market=0.50 reward=0.510
[2026-01-25 07:59:20] [INFO] === AI Logging System Initialized ===
[2026-01-25 07:59:22] [INFO] ENV LOAD | Sources: ['spot_silver', 'silver_futures', 'alphavantage_silver']
[2026-01-25 07:59:22] [INFO] REWARD | silver_futures | quality=0.810 cost=0.35 sentiment=0.50 market=0.50 reward=0.510
[2026-01-25 07:59:50] [INFO] === AI Logging System Initialized ===
[2026-01-25 07:59:53] [INFO] ENV LOAD | Sources: ['spot_silver', 'silver_futures', 'alphavantage_silver']
[2026-01-25 07:59:53] [INFO] REWARD | silver_futures | quality=0.810 cost=0.35 sentiment=0.50 market=0.50 reward=0.510
[2026-01-25 08:00:07] [INFO] === AI Logging System Initialized ===
[2026-01-25 08:00:09] [INFO] ENV LOAD | Sources: ['spot_silver', 'silver_futures', 'alphavantage_silver']
[2026-01-25 08:00:51] [INFO] === AI Logging System Initialized ===
[2026-01-25 08:00:54] [INFO] ENV LOAD | Sources: ['spot_silver', 'silver_futures', 'alphavantage_silver']
[2026-01-25 08:00:54] [INFO] REWARD | spot_silver | quality=0.902 cost=0.30 sentiment=0.50 market=0.50 reward=0.653
[2026-01-25 08:01:07] [INFO] === AI Logging System Initialized ===
[2026-01-25 08:01:10] [INFO] ENV LOAD | Sources: ['spot_silver', 'silver_futures', 'alphavantage_silver']
[2026-01-25 08:01:10] [INFO] REWARD | silver_futures | quality=0.810 cost=0.35 sentiment=0.50 market=0.50 reward=0.510
[2026-01-25 08:01:20] [INFO] === AI Logging System Initialized ===
[2026-01-25 08:01:23] [INFO] ENV LOAD | Sources: ['spot_silver', 'silver_futures', 'alphavantage_silver']
[2026-01-25 08:01:23] [INFO] REWARD | alphavantage_silver | quality=0.704 cost=0.40 sentiment=0.50 market=0.50 reward=0.354
[2026-01-25 08:01:50] [INFO] === AI Logging System Initialized ===
[2026-01-25 08:01:53] [INFO] ENV LOAD | Sources: ['spot_silver', 'silver_futures', 'alphavantage_silver']
[2026-01-25 08:01:53] [INFO] REWARD | spot_silver | quality=0.902 cost=0.30 sentiment=0.50 market=0.50 reward=0.653
[2026-01-25 08:02:07] [INFO] === AI Logging System Initialized ===
[2026-01-25 08:02:09] [INFO] ENV LOAD | Sources: ['spot_silver', 'silver_futures', 'alphavantage_silver']
[2026-01-25 08:02:10] [INFO] REWARD | silver_futures | quality=0.810 cost=0.35 sentiment=0.50 market=0.50 reward=0.510
[2026-01-25 08:02:20] [INFO] === AI Logging System Initialized ===
[2026-01-25 08:02:22] [INFO] ENV LOAD | Sources: ['spot_silver', 'silver_futures', 'alphavantage_silver']
[2026-01-25 08:02:50] [INFO] === AI Logging System Initialized ===
[2026-01-25 08:02:52] [INFO] ENV LOAD | Sources: ['spot_silver', 'silver_futures', 'alphavantage_silver']
[2026-01-25 08:02:52] [INFO] REWARD | spot_silver | quality=0.902 cost=0.30 sentiment=0.50 market=0.50 reward=0.653
[2026-01-25 08:03:07] [INFO] === AI Logging System Initialized ===
[2026-01-25 08:03:10] [INFO] ENV LOAD | Sources: ['spot_silver', 'silver_futures', 'alphavantage_silver']
[2026-01-25 08:03:10] [INFO] REWARD | alphavantage_silver | quality=0.704 cost=0.40 sentiment=0.50 market=0.50 reward=0.354
[2026-01-25 08:03:20] [INFO] === AI Logging System Initialized ===
[2026-01-25 08:03:22] [INFO] ENV LOAD | Sources: ['spot_silver', 'silver_futures', 'alphavantage_silver']
[2026-01-25 08:03:50] [INFO] === AI Logging System Initialized ===
[2026-01-25 08:03:52] [INFO] ENV LOAD | Sources: ['spot_silver', 'silver_futures', 'alphavantage_silver']
[2026-01-25 08:03:52] [INFO] REWARD | spot_silver | quality=0.902 cost=0.30 sentiment=0.50 market=0.50 reward=0.653
[2026-01-25 08:04:07] [INFO] === AI Logging System Initialized ===
[2026-01-25 08:04:10] [INFO] ENV LOAD | Sources: ['spot_silver', 'silver_futures', 'alphavantage_silver']
[2026-01-25 08:04:20] [INFO] === AI Logging System Initialized ===
[2026-01-25 08:04:22] [INFO] ENV LOAD | Sources: ['spot_silver', 'silver_futures', 'alphavantage_silver']
[2026-01-25 08:04:23] [INFO] REWARD | spot_silver | quality=0.902 cost=0.30 sentiment=0.50 market=0.50 reward=0.653
[2026-01-25 08:04:50] [INFO] === AI Logging System Initialized ===
[2026-01-25 08:04:53] [INFO] ENV LOAD | Sources: ['spot_silver', 'silver_futures', 'alphavantage_silver']
[2026-01-25 08:04:53] [INFO] REWARD | spot_silver | quality=0.902 cost=0.30 sentiment=0.50 market=0.50 reward=0.653
[2026-01-25 08:05:07] [INFO] === AI Logging System Initialized ===
[2026-01-25 08:05:09] [INFO] ENV LOAD | Sources: ['spot_silver', 'silver_futures', 'alphavantage_silver']
[2026-01-25 08:05:09] [INFO] REWARD | silver_futures | quality=0.810 cost=0.35 sentiment=0.50 market=0.50 reward=0.510
