[2026-01-25 09:43:42] [INFO] === AI Logging System Initialized ===
[2026-01-25 09:43:44] [INFO] ENV LOAD | Sources: ['spot_silver', 'silver_futures', 'alphavantage_silver']
[2026-01-25 09:43:52] [INFO] === AI Logging System Initialized ===
[2026-01-25 09:43:54] [INFO] ENV LOAD | Sources: ['spot_silver', 'silver_futures', 'alphavantage_silver']
[2026-01-25 09:43:54] [INFO] REWARD | silver_futures | quality=0.810 cost=0.35 sentiment=0.50 market=0.50 reward=0.510
[2026-01-25 09:44:02] [INFO] === AI Logging System Initialized ===
[2026-01-25 09:44:04] [INFO] ENV LOAD | Sources: ['spot_silver', 'silver_futures', 'alphavantage_silver']
[2026-01-25 09:44:04] [INFO] REWARD | silver_futures | quality=0.810 cost=0.35 sentiment=0.50 market=0.50 reward=0.510
[2026-01-25 09:44:12] [INFO] === AI Logging System Initialized ===
[2026-01-25 09:44:14] [INFO] ENV LOAD | Sources: ['spot_silver', 'silver_futures', 'alphavantage_silver']
[2026-01-25 09:44:15] [INFO] REWARD | alphavantage_silver | quality=0.704 cost=0.40 sentiment=0.50 market=0.50 reward=0.354
[2026-01-25 09:44:22] [INFO] === AI Logging System Initialized ===
[2026-01-25 09:44:25] [INFO] ENV LOAD | Sources: ['spot_silver', 'silver_futures', 'alphavantage_silver']
[2026-01-25 09:44:32] [INFO] === AI Logging System Initialized ===
[2026-01-25 09:44:35] [INFO] ENV LOAD | Sources: ['spot_silver', 'silver_futures', 'alphavantage_silver']
[2026-01-25 09:44:42] [INFO] === AI Logging System Initialized ===
[2026-01-25 09:44:45] [INFO] ENV LOAD | Sources: ['spot_silver', 'silver_futures', 'alphavantage_silver']
[2026-01-25 09:44:45] [INFO] REWARD | spot_silver | quality=0.902 cost=0.30 sentiment=0.50 market=0.50 reward=0.653
[2026-01-25 09:44:53] [INFO] === AI Logging System Initialized ===
[2026-01-25 09:44:56] [INFO] ENV LOAD | Sources: ['spot_silver', 'silver_futures', 'alphavantage_silver']
[2026-01-25 09:45:03] [INFO] === AI Logging System Initialized ===
[2026-01-25 09:45:06] [INFO] ENV LOAD | Sources: ['spot_silver', 'silver_futures', 'alphavantage_silver']
[2026-01-25 09:45:13] [INFO] === AI Logging System Initialized ===
[2026-01-25 09:45:16] [INFO] ENV LOAD | Sources: ['spot_silver', 'silver_futures', 'alphavantage_silver']
[2026-01-25 09:45:17] [INFO] REWARD | spot_silver | quality=0.902 cost=0.30 sentiment=0.50 market=0.50 reward=0.653
[2026-01-25 09:45:23] [INFO] === AI Logging System Initialized ===
[2026-01-25 09:45:26] [INFO] ENV LOAD | Sources: ['spot_silver', 'silver_futures', 'alphavantage_silver']
[2026-01-25 09:45:26] [INFO] REWARD | alphavantage_silver | quality=0.704 cost=0.40 sentiment=0.50 market=0.50 reward=0.354
[2026-01-25 09:45:33] [INFO] === AI Logging System Initialized ===
[2026-01-25 09:45:36] [INFO] ENV LOAD | Sources: ['spot_silver', 'silver_futures', 'alphavantage_silver']
[2026-01-25 09:45:43] [INFO] === AI Logging System Initialized ===
[2026-01-25 09:45:46] [INFO] ENV LOAD | Sources: ['spot_silver', 'silver_futures', 'alphavantage_silver']
[2026-01-25 09:46:10] [INFO] === AI Logging System Initialized ===
[2026-01-25 09:46:13] [INFO] ENV LOAD | Sources: ['spot_silver', 'silver_futures', 'alphavantage_silver']
[2026-01-25 09:46:13] [INFO] REWARD | spot_silver | quality=0.902 cost=0.30 sentiment=0.50 market=0.50 reward=0.653
[2026-01-25 09:46:20] [INFO] === AI Logging System Initialized ===
[2026-01-25 09:46:23] [INFO] ENV LOAD | Sources: ['spot_silver', 'silver_futures', 'alphavantage_silver']
[2026-01-25 09:46:30] [INFO] === AI Logging System Initialized ===
[2026-01-25 09:46:33] [INFO] ENV LOAD | Sources: ['spot_silver', 'silver_futures', 'alphavantage_silver']
[2026-01-25 09:46:33] [INFO] REWARD | alphavantage_silver | quality=0.704 cost=0.40 sentiment=0.50 market=0.50 reward=0.354
[2026-01-25 09:46:40] [INFO] === AI Logging System Initialized ===
[2026-01-25 09:46:43] [INFO] ENV LOAD | Sources: ['spot_silver', 'silver_futures', 'alphavantage_silver']
[2026-01-25 09:46:50] [INFO] === AI Logging System Initialized ===
[2026-01-25 09:46:53] [INFO] ENV LOAD | Sources: ['spot_silver', 'silver_futures', 'alphavantage_silver']
[2026-01-25 09:47:00] [INFO] === AI Logging System Initialized ===
[2026-01-25 09:47:03] [INFO] ENV LOAD | Sources: ['spot_silver', 'silver_futures', 'alphavantage_silver']
[2026-01-25 09:47:03] [INFO] REWARD | spot_silver | quality=0.902 cost=0.30 sentiment=0.50 market=0.50 reward=0.653
[2026-01-25 09:47:10] [INFO] === AI Logging System Initialized ===
[2026-01-25 09:47:13] [INFO] ENV LOAD | Sources: ['spot_silver', 'silver_futures', 'alphavantage_silver']
[2026-01-25 09:47:20] [INFO] === AI Logging System Initialized ===
[2026-01-25 09:47:23] [INFO] ENV LOAD | Sources: ['spot_silver', 'silver_futures', 'alphavantage_silver']
[2026-01-25 09:47:30] [INFO] === AI Logging System Initialized ===
[2026-01-25 09:47:33] [INFO] ENV LOAD | Sources: ['spot_silver', 'silver_futures', 'alphavantage_silver']
[2026-01-25 09:47:33] [INFO] REWARD | spot_silver | quality=0.902 cost=0.30 sentiment=0.50 market=0.50 reward=0.653
[2026-01-25 09:47:40] [INFO] === AI Logging System Initialized ===
[2026-01-25 09:47:43] [INFO] ENV LOAD | Sources: ['spot_silver', 'silver_futures', 'alphavantage_silver']
[2026-01-25 09:47:50] [INFO] === AI Logging System Initialized ===
[2026-01-25 09:47:53] [INFO] ENV LOAD | Sources: ['spot_silver', 'silver_futures', 'alphavantage_silver']
[2026-01-25 09:48:00] [INFO] === AI Logging System Initialized ===
[2026-01-25 09:48:03] [INFO] ENV LOAD | Sources: ['spot_silver', 'silver_futures', 'alphavantage_silver']
[2026-01-25 09:48:10] [INFO] === AI Logging System Initialized ===
[2026-01-25 09:48:13] [INFO] ENV LOAD | Sources: ['spot_silver', 'silver_futures', 'alphavantage_silver']
[2026-01-25 09:48:13] [INFO] REWARD | spot_silver | quality=0.902 cost=0.30 sentiment=0.50 market=0.50 reward=0.653
[2026-01-25 09:48:20] [INFO] === AI Logging System Initialized ===
[2026-01-25 09:48:23] [INFO] ENV LOAD | Sources: ['spot_silver', 'silver_futures', 'alphavantage_silver']
[2026-01-25 09:48:30] [INFO] === AI Logging System Initialized ===
[2026-01-25 09:48:33] [INFO] ENV LOAD | Sources: ['spot_silver', 'silver_futures', 'alphavantage_silver']
[2026-01-25 09:48:40] [INFO] === AI Logging System Initialized ===
[2026-01-25 09:48:43] [INFO] ENV LOAD | Sources: ['spot_silver', 'silver_futures', 'alphavantage_silver']
[2026-01-25 09:48:50] [INFO] === AI Logging System Initialized ===
[2026-01-25 09:48:53] [INFO] ENV LOAD | Sources: ['spot_silver', 'silver_futures', 'alphavantage_silver']
[2026-01-25 09:48:53] [INFO] REWARD | spot_silver | quality=0.902 cost=0.30 sentiment=0.50 market=0.50 reward=0.653
[2026-01-25 09:49:00] [INFO] === AI Logging System Initialized ===
[2026-01-25 09:49:03] [INFO] ENV LOAD | Sources: ['spot_silver', 'silver_futures', 'alphavantage_silver']
[2026-01-25 09:49:10] [INFO] === AI Logging System Initialized ===
[2026-01-25 09:49:13] [INFO] ENV LOAD | Sources: ['spot_silver', 'silver_futures', 'alphavantage_silver']
[2026-01-25 09:49:21] [INFO] === AI Logging System Initialized ===
[2026-01-25 09:49:24] [INFO] ENV LOAD | Sources: ['spot_silver', 'silver_futures', 'alphavantage_silver']
[2026-01-25 09:49:25] [INFO] REWARD | spot_silver | quality=0.902 cost=0.30 sentiment=0.50 market=0.50 reward=0.653
[2026-01-25 09:49:31] [INFO] === AI Logging System Initialized ===
[2026-01-25 09:49:34] [INFO] ENV LOAD | Sources: ['spot_silver', 'silver_futures', 'alphavantage_silver']
[2026-01-25 09:49:41] [INFO] === AI Logging System Initialized ===
[2026-01-25 09:49:44] [INFO] ENV LOAD | Sources: ['spot_silver', 'silver_futures', 'alphavantage_silver']
[2026-01-25 09:49:51] [INFO] === AI Logging System Initialized ===
[2026-01-25 09:49:54] [INFO] ENV LOAD | Sources: ['spot_silver', 'silver_futures', 'alphavantage_silver']
[2026-01-25 09:50:01] [INFO] === AI Logging System Initialized ===
[2026-01-25 09:50:05] [INFO] ENV LOAD | Sources: ['spot_silver', 'silver_futures', 'alphavantage_silver']
[2026-01-25 09:50:05] [INFO] REWARD | spot_silver | quality=0.902 cost=0.30 sentiment=0.50 market=0.50 reward=0.653
[2026-01-25 09:50:11] [INFO] === AI Logging System Initialized ===
[2026-01-25 09:50:14] [INFO] ENV LOAD | Sources: ['spot_silver', 'silver_futures', 'alphavantage_silver']
[2026-01-25 09:50:50] [INFO] === AI Logging System Initialized ===
[2026-01-25 09:50:53] [INFO] ENV LOAD | Sources: ['spot_silver', 'silver_futures', 'alphavantage_silver']
[2026-01-25 09:50:53] [INFO] REWARD | spot_silver | quality=0.902 cost=0.30 sentiment=0.50 market=0.50 reward=0.653
[2026-01-25 09:51:50] [INFO] === AI Logging System Initialized ===
[2026-01-25 09:51:53] [INFO] ENV LOAD | Sources: ['spot_silver', 'silver_futures', 'alphavantage_silver']
[2026-01-25 09:51:53] [INFO] REWARD | spot_silver | quality=0.902 cost=0.30 sentiment=0.50 market=0.50 reward=0.653
[2026-01-25 09:52:12] [INFO] === AI Logging System Initialized ===
[2026-01-25 09:52:14] [INFO] ENV LOAD | Sources: ['spot_silver', 'silver_futures', 'alphavantage_silver']
[2026-01-25 09:52:15] [INFO] REWARD | silver_futures | quality=0.810 cost=0.35 sentiment=0.50 market=0.50 reward=0.510
[2026-01-25 09:52:20] [INFO] === AI Logging System Initialized ===
[2026-01-25 09:52:23] [INFO] ENV LOAD | Sources: ['spot_silver', 'silver_futures', 'alphavantage_silver']
[2026-01-25 09:52:31] [INFO] === AI Logging System Initialized ===
[2026-01-25 09:52:34] [INFO] ENV LOAD | Sources: ['spot_silver', 'silver_futures', 'alphavantage_silver']
[2026-01-25 09:52:34] [INFO] REWARD | silver_futures | quality=0.810 cost=0.35 sentiment=0.50 market=0.50 reward=0.510
[2026-01-25 09:52:41] [INFO] === AI Logging System Initialized ===
[2026-01-25 09:52:44] [INFO] ENV LOAD | Sources: ['spot_silver', 'silver_futures', 'alphavantage_silver']
[2026-01-25 09:52:44] [INFO] REWARD | silver_futures | quality=0.810 cost=0.35 sentiment=0.50 market=0.50 reward=0.510
[2026-01-25 09:52:51] [INFO] === AI Logging System Initialized ===
[2026-01-25 09:52:54] [INFO] ENV LOAD | Sources: ['spot_silver', 'silver_futures', 'alphavantage_silver']
[2026-01-25 09:53:01] [INFO] === AI Logging System Initialized ===
[2026-01-25 09:53:04] [INFO] ENV LOAD | Sources: ['spot_silver', 'silver_futures', 'alphavantage_silver']
[2026-01-25 09:53:11] [INFO] === AI Logging System Initialized ===
[2026-01-25 09:53:14] [INFO] ENV LOAD | Sources: ['spot_silver', 'silver_futures', 'alphavantage_silver']
[2026-01-25 09:53:14] [INFO] REWARD | spot_silver | quality=0.902 cost=0.30 sentiment=0.50 market=0.50 reward=0.653
[2026-01-25 09:53:21] [INFO] === AI Logging System Initialized ===
[2026-01-25 09:53:24] [INFO] ENV LOAD | Sources: ['spot_silver', 'silver_futures', 'alphavantage_silver']
[2026-01-25 09:53:50] [INFO] === AI Logging System Initialized ===
[2026-01-25 09:53:53] [INFO] ENV LOAD | Sources: ['spot_silver', 'silver_futures', 'alphavantage_silver']
[2026-01-25 09:53:54] [INFO] REWARD | spot_silver | quality=0.902 cost=0.30 sentiment=0.50 market=0.50 reward=0.653
[2026-01-25 09:54:23] [INFO] === AI Logging System Initialized ===
[2026-01-25 09:54:25] [INFO] ENV LOAD | Sources: ['spot_silver', 'silver_futures', 'alphavantage_silver']
[2026-01-25 09:54:25] [INFO] REWARD | spot_silver | quality=0.902 cost=0.30 sentiment=0.50 market=0.50 reward=0.653
[2026-01-25 09:54:30] [INFO] === AI Logging System Initialized ===
[2026-01-25 09:54:34] [INFO] ENV LOAD | Sources: ['spot_silver', 'silver_futures', 'alphavantage_silver']
[2026-01-25 09:54:41] [INFO] === AI Logging System Initialized ===
[2026-01-25 09:54:44] [INFO] ENV LOAD | Sources: ['spot_silver', 'silver_futures', 'alphavantage_silver']
[2026-01-25 09:54:51] [INFO] === AI Logging System Initialized ===
[2026-01-25 09:54:54] [INFO] ENV LOAD | Sources: ['spot_silver', 'silver_futures', 'alphavantage_silver']
[2026-01-25 09:55:01] [INFO] === AI Logging System Initialized ===
[2026-01-25 09:55:04] [INFO] ENV LOAD | Sources: ['spot_silver', 'silver_futures', 'alphavantage_silver']
[2026-01-25 09:55:04] [INFO] REWARD | spot_silver | quality=0.902 cost=0.30 sentiment=0.50 market=0.50 reward=0.653
[2026-01-25 09:55:11] [INFO] === AI Logging System Initialized ===
[2026-01-25 09:55:15] [INFO] ENV LOAD | Sources: ['spot_silver', 'silver_futures', 'alphavantage_silver']
[2026-01-25 09:55:21] [INFO] === AI Logging System Initialized ===
[2026-01-25 09:55:24] [INFO] ENV LOAD | Sources: ['spot_silver', 'silver_futures', 'alphavantage_silver']
[2026-01-25 09:55:30] [INFO] === AI Logging System Initialized ===
[2026-01-25 09:55:33] [INFO] ENV LOAD | Sources: ['spot_silver', 'silver_futures', 'alphavantage_silver']
[2026-01-25 09:55:41] [INFO] === AI Logging System Initialized ===
[2026-01-25 09:55:44] [INFO] ENV LOAD | Sources: ['spot_silver', 'silver_futures', 'alphavantage_silver']
[2026-01-25 09:55:44] [INFO] REWARD | spot_silver | quality=0.902 cost=0.30 sentiment=0.50 market=0.50 reward=0.653
[2026-01-25 09:55:51] [INFO] === AI Logging System Initialized ===
[2026-01-25 09:55:54] [INFO] ENV LOAD | Sources: ['spot_silver', 'silver_futures', 'alphavantage_silver']
[2026-01-25 09:56:01] [INFO] === AI Logging System Initialized ===
[2026-01-25 09:56:04] [INFO] ENV LOAD | Sources: ['spot_silver', 'silver_futures', 'alphavantage_silver']
[2026-01-25 09:56:11] [INFO] === AI Logging System Initialized ===
[2026-01-25 09:56:14] [INFO] ENV LOAD | Sources: ['spot_silver', 'silver_futures', 'alphavantage_silver']
[2026-01-25 09:56:14] [INFO] REWARD | silver_futures | quality=0.810 cost=0.35 sentiment=0.50 market=0.50 reward=0.510
[2026-01-25 09:56:21] [INFO] === AI Logging System Initialized ===
[2026-01-25 09:56:24] [INFO] ENV LOAD | Sources: ['spot_silver', 'silver_futures', 'alphavantage_silver']
[2026-01-25 09:56:31] [INFO] === AI Logging System Initialized ===
[2026-01-25 09:56:34] [INFO] ENV LOAD | Sources: ['spot_silver', 'silver_futures', 'alphavantage_silver']
[2026-01-25 09:56:50] [INFO] === AI Logging System Initialized ===
[2026-01-25 09:56:52] [INFO] ENV LOAD | Sources: ['spot_silver', 'silver_futures', 'alphavantage_silver']
[2026-01-25 09:56:52] [INFO] REWARD | spot_silver | quality=0.902 cost=0.30 sentiment=0.50 market=0.50 reward=0.653
[2026-01-25 09:57:05] [INFO] === AI Logging System Initialized ===
[2026-01-25 09:57:08] [INFO] ENV LOAD | Sources: ['spot_silver', 'silver_futures', 'alphavantage_silver']
[2026-01-25 09:57:10] [INFO] === AI Logging System Initialized ===
[2026-01-25 09:57:13] [INFO] ENV LOAD | Sources: ['spot_silver', 'silver_futures', 'alphavantage_silver']
[2026-01-25 09:57:20] [INFO] === AI Logging System Initialized ===
[2026-01-25 09:57:23] [INFO] ENV LOAD | Sources: ['spot_silver', 'silver_futures', 'alphavantage_silver']
[2026-01-25 09:57:23] [INFO] REWARD | silver_futures | quality=0.810 cost=0.35 sentiment=0.50 market=0.50 reward=0.510
[2026-01-25 09:57:30] [INFO] === AI Logging System Initialized ===
[2026-01-25 09:57:33] [INFO] ENV LOAD | Sources: ['spot_silver', 'silver_futures', 'alphavantage_silver']
[2026-01-25 09:57:40] [INFO] === AI Logging System Initialized ===
[2026-01-25 09:57:45] [INFO] ENV LOAD | Sources: ['spot_silver', 'silver_futures', 'alphavantage_silver']
[2026-01-25 09:57:50] [INFO] === AI Logging System Initialized ===
[2026-01-25 09:57:53] [INFO] ENV LOAD | Sources: ['spot_silver', 'silver_futures', 'alphavantage_silver']
[2026-01-25 09:58:00] [INFO] === AI Logging System Initialized ===
[2026-01-25 09:58:03] [INFO] ENV LOAD | Sources: ['spot_silver', 'silver_futures', 'alphavantage_silver']
[2026-01-25 09:58:03] [INFO] REWARD | spot_silver | quality=0.902 cost=0.30 sentiment=0.50 market=0.50 reward=0.653
[2026-01-25 09:58:10] [INFO] === AI Logging System Initialized ===
[2026-01-25 09:58:13] [INFO] ENV LOAD | Sources: ['spot_silver', 'silver_futures', 'alphavantage_silver']
[2026-01-25 09:58:21] [INFO] === AI Logging System Initialized ===
[2026-01-25 09:58:24] [INFO] ENV LOAD | Sources: ['spot_silver', 'silver_futures', 'alphavantage_silver']
[2026-01-25 09:58:31] [INFO] === AI Logging System Initialized ===
[2026-01-25 09:58:34] [INFO] ENV LOAD | Sources: ['spot_silver', 'silver_futures', 'alphavantage_silver']
[2026-01-25 09:58:35] [INFO] REWARD | silver_futures | quality=0.810 cost=0.35 sentiment=0.50 market=0.50 reward=0.510
[2026-01-25 09:58:41] [INFO] === AI Logging System Initialized ===
[2026-01-25 09:58:46] [INFO] ENV LOAD | Sources: ['spot_silver', 'silver_futures', 'alphavantage_silver']
[2026-01-25 09:58:51] [INFO] === AI Logging System Initialized ===
[2026-01-25 09:58:55] [INFO] ENV LOAD | Sources: ['spot_silver', 'silver_futures', 'alphavantage_silver']
[2026-01-25 09:59:01] [INFO] === AI Logging System Initialized ===
[2026-01-25 09:59:04] [INFO] ENV LOAD | Sources: ['spot_silver', 'silver_futures', 'alphavantage_silver']
[2026-01-25 09:59:11] [INFO] === AI Logging System Initialized ===
[2026-01-25 09:59:14] [INFO] ENV LOAD | Sources: ['spot_silver', 'silver_futures', 'alphavantage_silver']
[2026-01-25 09:59:15] [INFO] REWARD | spot_silver | quality=0.902 cost=0.30 sentiment=0.50 market=0.50 reward=0.653
[2026-01-25 09:59:50] [INFO] === AI Logging System Initialized ===
[2026-01-25 09:59:53] [INFO] ENV LOAD | Sources: ['spot_silver', 'silver_futures', 'alphavantage_silver']
[2026-01-25 09:59:53] [INFO] REWARD | spot_silver | quality=0.902 cost=0.30 sentiment=0.50 market=0.50 reward=0.653
[2026-01-25 10:00:50] [INFO] === AI Logging System Initialized ===
[2026-01-25 10:00:54] [INFO] ENV LOAD | Sources: ['spot_silver', 'silver_futures', 'alphavantage_silver']
[2026-01-25 10:00:54] [INFO] REWARD | spot_silver | quality=0.902 cost=0.30 sentiment=0.50 market=0.50 reward=0.653
[2026-01-25 10:01:24] [INFO] === AI Logging System Initialized ===
[2026-01-25 10:01:26] [INFO] ENV LOAD | Sources: ['spot_silver', 'silver_futures', 'alphavantage_silver']
[2026-01-25 10:01:27] [INFO] REWARD | spot_silver | quality=0.902 cost=0.30 sentiment=0.50 market=0.50 reward=0.653
[2026-01-25 10:01:30] [INFO] === AI Logging System Initialized ===
[2026-01-25 10:01:33] [INFO] ENV LOAD | Sources: ['spot_silver', 'silver_futures', 'alphavantage_silver']
[2026-01-25 10:01:40] [INFO] === AI Logging System Initialized ===
[2026-01-25 10:01:43] [INFO] ENV LOAD | Sources: ['spot_silver', 'silver_futures', 'alphavantage_silver']
[2026-01-25 10:01:50] [INFO] === AI Logging System Initialized ===
[2026-01-25 10:01:54] [INFO] ENV LOAD | Sources: ['spot_silver', 'silver_futures', 'alphavantage_silver']
[2026-01-25 10:02:00] [INFO] === AI Logging System Initialized ===
[2026-01-25 10:02:03] [INFO] ENV LOAD | Sources: ['spot_silver', 'silver_futures', 'alphavantage_silver']
[2026-01-25 10:02:03] [INFO] REWARD | alphavantage_silver | quality=0.704 cost=0.40 sentiment=0.50 market=0.50 reward=0.354
[2026-01-25 10:02:10] [INFO] === AI Logging System Initialized ===
[2026-01-25 10:02:13] [INFO] ENV LOAD | Sources: ['spot_silver', 'silver_futures', 'alphavantage_silver']
[2026-01-25 10:02:20] [INFO] === AI Logging System Initialized ===
[2026-01-25 10:02:23] [INFO] ENV LOAD | Sources: ['spot_silver', 'silver_futures', 'alphavantage_silver']
[2026-01-25 10:02:30] [INFO] === AI Logging System Initialized ===
[2026-01-25 10:02:33] [INFO] ENV LOAD | Sources: ['spot_silver', 'silver_futures', 'alphavantage_silver']
[2026-01-25 10:02:33] [INFO] REWARD | spot_silver | quality=0.902 cost=0.30 sentiment=0.50 market=0.50 reward=0.653
[2026-01-25 10:02:40] [INFO] === AI Logging System Initialized ===
[2026-01-25 10:02:43] [INFO] ENV LOAD | Sources: ['spot_silver', 'silver_futures', 'alphavantage_silver']
[2026-01-25 10:02:50] [INFO] === AI Logging System Initialized ===
[2026-01-25 10:02:53] [INFO] ENV LOAD | Sources: ['spot_silver', 'silver_futures', 'alphavantage_silver']
[2026-01-25 10:03:00] [INFO] === AI Logging System Initialized ===
[2026-01-25 10:03:03] [INFO] ENV LOAD | Sources: ['spot_silver', 'silver_futures', 'alphavantage_silver']
[2026-01-25 10:03:03] [INFO] REWARD | spot_silver | quality=0.902 cost=0.30 sentiment=0.50 market=0.50 reward=0.653
[2026-01-25 10:03:10] [INFO] === AI Logging System Initialized ===
[2026-01-25 10:03:13] [INFO] ENV LOAD | Sources: ['spot_silver', 'silver_futures', 'alphavantage_silver']
[2026-01-25 10:03:20] [INFO] === AI Logging System Initialized ===
[2026-01-25 10:03:23] [INFO] ENV LOAD | Sources: ['spot_silver', 'silver_futures', 'alphavantage_silver']
[2026-01-25 10:03:30] [INFO] === AI Logging System Initialized ===
[2026-01-25 10:03:33] [INFO] ENV LOAD | Sources: ['spot_silver', 'silver_futures', 'alphavantage_silver']
[2026-01-25 10:03:40] [INFO] === AI Logging System Initialized ===
[2026-01-25 10:03:43] [INFO] ENV LOAD | Sources: ['spot_silver', 'silver_futures', 'alphavantage_silver']
[2026-01-25 10:03:43] [INFO] REWARD | spot_silver | quality=0.902 cost=0.30 sentiment=0.50 market=0.50 reward=0.653
[2026-01-25 10:03:50] [INFO] === AI Logging System Initialized ===
[2026-01-25 10:03:53] [INFO] ENV LOAD | Sources: ['spot_silver', 'silver_futures', 'alphavantage_silver']
[2026-01-25 10:04:00] [INFO] === AI Logging System Initialized ===
[2026-01-25 10:04:03] [INFO] ENV LOAD | Sources: ['spot_silver', 'silver_futures', 'alphavantage_silver']
[2026-01-25 10:04:10] [INFO] === AI Logging System Initialized ===
[2026-01-25 10:04:14] [INFO] ENV LOAD | Sources: ['spot_silver', 'silver_futures', 'alphavantage_silver']
[2026-01-25 10:04:14] [INFO] REWARD | spot_silver | quality=0.902 cost=0.30 sentiment=0.50 market=0.50 reward=0.653
[2026-01-25 10:04:20] [INFO] === AI Logging System Initialized ===
[2026-01-25 10:04:23] [INFO] ENV LOAD | Sources: ['spot_silver', 'silver_futures', 'alphavantage_silver']
[2026-01-25 10:04:30] [INFO] === AI Logging System Initialized ===
[2026-01-25 10:04:35] [INFO] ENV LOAD | Sources: ['spot_silver', 'silver_futures', 'alphavantage_silver']
[2026-01-25 10:04:40] [INFO] === AI Logging System Initialized ===
[2026-01-25 10:04:43] [INFO] ENV LOAD | Sources: ['spot_silver', 'silver_futures', 'alphavantage_silver']
[2026-01-25 10:04:50] [INFO] === AI Logging System Initialized ===
[2026-01-25 10:04:53] [INFO] ENV LOAD | Sources: ['spot_silver', 'silver_futures', 'alphavantage_silver']
[2026-01-25 10:04:53] [INFO] REWARD | spot_silver | quality=0.902 cost=0.30 sentiment=0.50 market=0.50 reward=0.653
[2026-01-25 10:05:00] [INFO] === AI Logging System Initialized ===
[2026-01-25 10:05:03] [INFO] ENV LOAD | Sources: ['spot_silver', 'silver_futures', 'alphavantage_silver']
[2026-01-25 10:05:10] [INFO] === AI Logging System Initialized ===
[2026-01-25 10:05:13] [INFO] ENV LOAD | Sources: ['spot_silver', 'silver_futures', 'alphavantage_silver']
[2026-01-25 10:05:20] [INFO] === AI Logging System Initialized ===
[2026-01-25 10:05:23] [INFO] ENV LOAD | Sources: ['spot_silver', 'silver_futures', 'alphavantage_silver']
[2026-01-25 10:05:30] [INFO] === AI Logging System Initialized ===
[2026-01-25 10:05:33] [INFO] ENV LOAD | Sources: ['spot_silver', 'silver_futures', 'alphavantage_silver']
[2026-01-25 10:05:33] [INFO] REWARD | spot_silver | quality=0.902 cost=0.30 sentiment=0.50 market=0.50 reward=0.653
[2026-01-25 10:05:40] [INFO] === AI Logging System Initialized ===
[2026-01-25 10:05:43] [INFO] ENV LOAD | Sources: ['spot_silver', 'silver_futures', 'alphavantage_silver']
[2026-01-25 10:05:50] [INFO] === AI Logging System Initialized ===
[2026-01-25 10:05:53] [INFO] ENV LOAD | Sources: ['spot_silver', 'silver_futures', 'alphavantage_silver']
[2026-01-25 10:06:00] [INFO] === AI Logging System Initialized ===
[2026-01-25 10:06:03] [INFO] ENV LOAD | Sources: ['spot_silver', 'silver_futures', 'alphavantage_silver']
[2026-01-25 10:06:03] [INFO] REWARD | spot_silver | quality=0.902 cost=0.30 sentiment=0.50 market=0.50 reward=0.653
[2026-01-25 10:06:11] [INFO] === AI Logging System Initialized ===
[2026-01-25 10:06:14] [INFO] ENV LOAD | Sources: ['spot_silver', 'silver_futures', 'alphavantage_silver']
[2026-01-25 10:06:21] [INFO] === AI Logging System Initialized ===
[2026-01-25 10:06:24] [INFO] ENV LOAD | Sources: ['spot_silver', 'silver_futures', 'alphavantage_silver']
[2026-01-25 10:06:30] [INFO] === AI Logging System Initialized ===
[2026-01-25 10:06:33] [INFO] ENV LOAD | Sources: ['spot_silver', 'silver_futures', 'alphavantage_silver']
[2026-01-25 10:06:40] [INFO] === AI Logging System Initialized ===
[2026-01-25 10:06:43] [INFO] ENV LOAD | Sources: ['spot_silver', 'silver_futures', 'alphavantage_silver']
[2026-01-25 10:06:43] [INFO] REWARD | spot_silver | quality=0.902 cost=0.30 sentiment=0.50 market=0.50 reward=0.653
[2026-01-25 10:06:50] [INFO] === AI Logging System Initialized ===
[2026-01-25 10:06:53] [INFO] ENV LOAD | Sources: ['spot_silver', 'silver_futures', 'alphavantage_silver']
[2026-01-25 10:07:00] [INFO] === AI Logging System Initialized ===
[2026-01-25 10:07:03] [INFO] ENV LOAD | Sources: ['spot_silver', 'silver_futures', 'alphavantage_silver']
[2026-01-25 10:07:10] [INFO] === AI Logging System Initialized ===
[2026-01-25 10:07:13] [INFO] ENV LOAD | Sources: ['spot_silver', 'silver_futures', 'alphavantage_silver']
[2026-01-25 10:07:13] [INFO] REWARD | spot_silver | quality=0.902 cost=0.30 sentiment=0.50 market=0.50 reward=0.653
[2026-01-25 10:07:20] [INFO] === AI Logging System Initialized ===
[2026-01-25 10:07:23] [INFO] ENV LOAD | Sources: ['spot_silver', 'silver_futures', 'alphavantage_silver']
[2026-01-25 10:07:30] [INFO] === AI Logging System Initialized ===
[2026-01-25 10:07:33] [INFO] ENV LOAD | Sources: ['spot_silver', 'silver_futures', 'alphavantage_silver']
[2026-01-25 10:07:41] [INFO] === AI Logging System Initialized ===
[2026-01-25 10:07:44] [INFO] ENV LOAD | Sources: ['spot_silver', 'silver_futures', 'alphavantage_silver']
[2026-01-25 10:07:45] [INFO] REWARD | spot_silver | quality=0.902 cost=0.30 sentiment=0.50 market=0.50 reward=0.653
[2026-01-25 10:07:51] [INFO] === AI Logging System Initialized ===
[2026-01-25 10:07:54] [INFO] ENV LOAD | Sources: ['spot_silver', 'silver_futures', 'alphavantage_silver']
[2026-01-25 10:08:01] [INFO] === AI Logging System Initialized ===
[2026-01-25 10:08:04] [INFO] ENV LOAD | Sources: ['spot_silver', 'silver_futures', 'alphavantage_silver']
[2026-01-25 10:08:11] [INFO] === AI Logging System Initialized ===
[2026-01-25 10:08:13] [INFO] ENV LOAD | Sources: ['spot_silver', 'silver_futures', 'alphavantage_silver']
[2026-01-25 10:08:13] [INFO] REWARD | alphavantage_silver | quality=0.704 cost=0.40 sentiment=0.50 market=0.50 reward=0.354
[2026-01-25 10:08:21] [INFO] === AI Logging System Initialized ===
[2026-01-25 10:08:23] [INFO] ENV LOAD | Sources: ['spot_silver', 'silver_futures', 'alphavantage_silver']
[2026-01-25 10:08:23] [INFO] REWARD | alphavantage_silver | quality=0.704 cost=0.40 sentiment=0.50 market=0.50 reward=0.354
[2026-01-25 10:08:31] [INFO] === AI Logging System Initialized ===
[2026-01-25 10:08:34] [INFO] ENV LOAD | Sources: ['spot_silver', 'silver_futures', 'alphavantage_silver']
[2026-01-25 10:08:50] [INFO] === AI Logging System Initialized ===
[2026-01-25 10:08:53] [INFO] ENV LOAD | Sources: ['spot_silver', 'silver_futures', 'alphavantage_silver']
[2026-01-25 10:08:53] [INFO] === AI Logging System Initialized ===
[2026-01-25 10:08:54] [INFO] ENV LOAD | Sources: ['spot_silver', 'silver_futures', 'alphavantage_silver']
[2026-01-25 10:08:55] [INFO] REWARD | silver_futures | quality=0.810 cost=0.35 sentiment=0.50 market=0.50 reward=0.510
[2026-01-25 10:09:03] [INFO] === AI Logging System Initialized ===
[2026-01-25 10:09:16] [INFO] ENV LOAD | Sources: ['spot_silver', 'silver_futures', 'alphavantage_silver']
[2026-01-25 10:09:16] [INFO] === AI Logging System Initialized ===
[2026-01-25 10:09:29] [INFO] ENV LOAD | Sources: ['spot_silver', 'silver_futures', 'alphavantage_silver']
[2026-01-25 10:09:29] [INFO] REWARD | spot_silver | quality=0.902 cost=0.30 sentiment=0.50 market=0.50 reward=0.653
[2026-01-25 10:09:29] [INFO] === AI Logging System Initialized ===
[2026-01-25 10:09:42] [INFO] ENV LOAD | Sources: ['spot_silver', 'silver_futures', 'alphavantage_silver']
[2026-01-25 10:09:42] [INFO] === AI Logging System Initialized ===
[2026-01-25 10:09:44] [INFO] ENV LOAD | Sources: ['spot_silver', 'silver_futures', 'alphavantage_silver']
[2026-01-25 10:09:45] [INFO] === AI Logging System Initialized ===
[2026-01-25 10:09:47] [INFO] ENV LOAD | Sources: ['spot_silver', 'silver_futures', 'alphavantage_silver']
[2026-01-25 10:10:48] [INFO] === AI Logging System Initialized ===
[2026-01-25 10:10:50] [INFO] ENV LOAD | Sources: ['spot_silver', 'silver_futures', 'alphavantage_silver']
[2026-01-25 10:10:51] [INFO] REWARD | spot_silver | quality=0.902 cost=0.30 sentiment=0.50 market=0.50 reward=0.653
[2026-01-25 10:10:51] [INFO] === AI Logging System Initialized ===
[2026-01-25 10:10:53] [INFO] ENV LOAD | Sources: ['spot_silver', 'silver_futures', 'alphavantage_silver']
[2026-01-25 10:10:58] [INFO] === AI Logging System Initialized ===
[2026-01-25 10:11:01] [INFO] ENV LOAD | Sources: ['spot_silver', 'silver_futures', 'alphavantage_silver']
[2026-01-25 10:11:08] [INFO] === AI Logging System Initialized ===
[2026-01-25 10:11:11] [INFO] ENV LOAD | Sources: ['spot_silver', 'silver_futures', 'alphavantage_silver']
[2026-01-25 10:11:18] [INFO] === AI Logging System Initialized ===
[2026-01-25 10:11:21] [INFO] ENV LOAD | Sources: ['spot_silver', 'silver_futures', 'alphavantage_silver']
[2026-01-25 10:11:21] [INFO] REWARD | spot_silver | quality=0.902 cost=0.30 sentiment=0.50 market=0.50 reward=0.653
[2026-01-25 10:11:28] [INFO] === AI Logging System Initialized ===
[2026-01-25 10:11:31] [INFO] ENV LOAD | Sources: ['spot_silver', 'silver_futures', 'alphavantage_silver']
[2026-01-25 10:11:38] [INFO] === AI Logging System Initialized ===
[2026-01-25 10:11:41] [INFO] ENV LOAD | Sources: ['spot_silver', 'silver_futures', 'alphavantage_silver']
[2026-01-25 10:11:49] [INFO] === AI Logging System Initialized ===
[2026-01-25 10:11:51] [INFO] ENV LOAD | Sources: ['spot_silver', 'silver_futures', 'alphavantage_silver']
[2026-01-25 10:11:51] [INFO] REWARD | spot_silver | quality=0.902 cost=0.30 sentiment=0.50 market=0.50 reward=0.653
[2026-01-25 10:11:59] [INFO] === AI Logging System Initialized ===
[2026-01-25 10:12:01] [INFO] ENV LOAD | Sources: ['spot_silver', 'silver_futures', 'alphavantage_silver']
[2026-01-25 10:12:01] [INFO] === AI Logging System Initialized ===
[2026-01-25 10:12:03] [INFO] ENV LOAD | Sources: ['spot_silver', 'silver_futures', 'alphavantage_silver']
[2026-01-25 10:12:04] [INFO] === AI Logging System Initialized ===
[2026-01-25 10:12:07] [INFO] ENV LOAD | Sources: ['spot_silver', 'silver_futures', 'alphavantage_silver']
[2026-01-25 10:12:34] [INFO] === AI Logging System Initialized ===
[2026-01-25 10:12:37] [INFO] ENV LOAD | Sources: ['spot_silver', 'silver_futures', 'alphavantage_silver']
[2026-01-25 10:12:37] [INFO] REWARD | spot_silver | quality=0.902 cost=0.30 sentiment=0.50 market=0.50 reward=0.653
[2026-01-25 10:13:04] [INFO] === AI Logging System Initialized ===
[2026-01-25 10:13:07] [INFO] ENV LOAD | Sources: ['spot_silver', 'silver_futures', 'alphavantage_silver']
[2026-01-25 10:13:07] [INFO] REWARD | spot_silver | quality=0.902 cost=0.30 sentiment=0.50 market=0.50 reward=0.653
[2026-01-25 10:13:34] [INFO] === AI Logging System Initialized ===
[2026-01-25 10:13:37] [INFO] ENV LOAD | Sources: ['spot_silver', 'silver_futures', 'alphavantage_silver']
[2026-01-25 10:14:05] [INFO] === AI Logging System Initialized ===
[2026-01-25 10:14:08] [INFO] ENV LOAD | Sources: ['spot_silver', 'silver_futures', 'alphavantage_silver']
[2026-01-25 10:14:08] [INFO] REWARD | spot_silver | quality=0.902 cost=0.30 sentiment=0.50 market=0.50 reward=0.653
[2026-01-25 10:14:35] [INFO] === AI Logging System Initialized ===
[2026-01-25 10:14:38] [INFO] ENV LOAD | Sources: ['spot_silver', 'silver_futures', 'alphavantage_silver']
[2026-01-25 10:14:39] [INFO] REWARD | spot_silver | quality=0.902 cost=0.30 sentiment=0.50 market=0.50 reward=0.653
[2026-01-25 10:15:51] [INFO] === AI Logging System Initialized ===
[2026-01-25 10:15:53] [INFO] ENV LOAD | Sources: ['spot_silver', 'silver_futures', 'alphavantage_silver']
[2026-01-25 10:15:54] [INFO] REWARD | spot_silver | quality=0.902 cost=0.30 sentiment=0.50 market=0.50 reward=0.653
[2026-01-25 10:16:50] [INFO] === AI Logging System Initialized ===
[2026-01-25 10:16:53] [INFO] ENV LOAD | Sources: ['spot_silver', 'silver_futures', 'alphavantage_silver']
[2026-01-25 10:16:53] [INFO] REWARD | spot_silver | quality=0.902 cost=0.30 sentiment=0.50 market=0.50 reward=0.653
