[2026-01-25 10:08:11] [INFO] === AI Logging System Initialized ===
[2026-01-25 10:08:13] [INFO] ENV LOAD | Sources: ['spot_silver', 'silver_futures', 'alphavantage_silver']
[2026-01-25 10:08:13] [INFO] REWARD | alphavantage_silver | quality=0.704 cost=0.40 sentiment=0.50 market=0.50 reward=0.354
[2026-01-25 10:08:21] [INFO] === AI Logging System Initialized ===
[2026-01-25 10:08:23] [INFO] ENV LOAD | Sources: ['spot_silver', 'silver_futures', 'alphavantage_silver']
[2026-01-25 10:08:23] [INFO] REWARD | alphavantage_silver | quality=0.704 cost=0.40 sentiment=0.50 market=0.50 reward=0.354
[2026-01-25 10:08:31] [INFO] === AI Logging System Initialized ===
[2026-01-25 10:08:34] [INFO] ENV LOAD | Sources: ['spot_silver', 'silver_futures', 'alphavantage_silver']
[2026-01-25 10:08:50] [INFO] === AI Logging System Initialized ===
[2026-01-25 10:08:53] [INFO] ENV LOAD | Sources: ['spot_silver', 'silver_futures', 'alphavantage_silver']
[2026-01-25 10:08:53] [INFO] === AI Logging System Initialized ===
[2026-01-25 10:08:54] [INFO] ENV LOAD | Sources: ['spot_silver', 'silver_futures', 'alphavantage_silver']
[2026-01-25 10:08:55] [INFO] REWARD | silver_futures | quality=0.810 cost=0.35 sentiment=0.50 market=0.50 reward=0.510
[2026-01-25 10:09:03] [INFO] === AI Logging System Initialized ===
[2026-01-25 10:09:16] [INFO] ENV LOAD | Sources: ['spot_silver', 'silver_futures', 'alphavantage_silver']
[2026-01-25 10:09:16] [INFO] === AI Logging System Initialized ===
[2026-01-25 10:09:29] [INFO] ENV LOAD | Sources: ['spot_silver', 'silver_futures', 'alphavantage_silver']
[2026-01-25 10:09:29] [INFO] REWARD | spot_silver | quality=0.902 cost=0.30 sentiment=0.50 market=0.50 reward=0.653
[2026-01-25 10:09:29] [INFO] === AI Logging System Initialized ===
[2026-01-25 10:09:42] [INFO] ENV LOAD | Sources: ['spot_silver', 'silver_futures', 'alphavantage_silver']
[2026-01-25 10:09:42] [INFO] === AI Logging System Initialized ===
[2026-01-25 10:09:44] [INFO] ENV LOAD | Sources: ['spot_silver', 'silver_futures', 'alphavantage_silver']
[2026-01-25 10:09:45] [INFO] === AI Logging System Initialized ===
[2026-01-25 10:09:47] [INFO] ENV LOAD | Sources: ['spot_silver', 'silver_futures', 'alphavantage_silver']
[2026-01-25 10:10:48] [INFO] === AI Logging System Initialized ===
[2026-01-25 10:10:50] [INFO] ENV LOAD | Sources: ['spot_silver', 'silver_futures', 'alphavantage_silver']
[2026-01-25 10:10:51] [INFO] REWARD | spot_silver | quality=0.902 cost=0.30 sentiment=0.50 market=0.50 reward=0.653
[2026-01-25 10:10:51] [INFO] === AI Logging System Initialized ===
[2026-01-25 10:10:53] [INFO] ENV LOAD | Sources: ['spot_silver', 'silver_futures', 'alphavantage_silver']
[2026-01-25 10:10:58] [INFO] === AI Logging System Initialized ===
[2026-01-25 10:11:01] [INFO] ENV LOAD | Sources: ['spot_silver', 'silver_futures', 'alphavantage_silver']
[2026-01-25 10:11:08] [INFO] === AI Logging System Initialized ===
[2026-01-25 10:11:11] [INFO] ENV LOAD | Sources: ['spot_silver', 'silver_futures', 'alphavantage_silver']
[2026-01-25 10:11:18] [INFO] === AI Logging System Initialized ===
[2026-01-25 10:11:21] [INFO] ENV LOAD | Sources: ['spot_silver', 'silver_futures', 'alphavantage_silver']
[2026-01-25 10:11:21] [INFO] REWARD | spot_silver | quality=0.902 cost=0.30 sentiment=0.50 market=0.50 reward=0.653
[2026-01-25 10:11:28] [INFO] === AI Logging System Initialized ===
[2026-01-25 10:11:31] [INFO] ENV LOAD | Sources: ['spot_silver', 'silver_futures', 'alphavantage_silver']
[2026-01-25 10:11:38] [INFO] === AI Logging System Initialized ===
[2026-01-25 10:11:41] [INFO] ENV LOAD | Sources: ['spot_silver', 'silver_futures', 'alphavantage_silver']
[2026-01-25 10:11:49] [INFO] === AI Logging System Initialized ===
[2026-01-25 10:11:51] [INFO] ENV LOAD | Sources: ['spot_silver', 'silver_futures', 'alphavantage_silver']
[2026-01-25 10:11:51] [INFO] REWARD | spot_silver | quality=0.902 cost=0.30 sentiment=0.50 market=0.50 reward=0.653
[2026-01-25 10:11:59] [INFO] === AI Logging System Initialized ===
[2026-01-25 10:12:01] [INFO] ENV LOAD | Sources: ['spot_silver', 'silver_futures', 'alphavantage_silver']
[2026-01-25 10:12:01] [INFO] === AI Logging System Initialized ===
[2026-01-25 10:12:03] [INFO] ENV LOAD | Sources: ['spot_silver', 'silver_futures', 'alphavantage_silver']
[2026-01-25 10:12:04] [INFO] === AI Logging System Initialized ===
[2026-01-25 10:12:07] [INFO] ENV LOAD | Sources: ['spot_silver', 'silver_futures', 'alphavantage_silver']
[2026-01-25 10:12:34] [INFO] === AI Logging System Initialized ===
[2026-01-25 10:12:37] [INFO] ENV LOAD | Sources: ['spot_silver', 'silver_futures', 'alphavantage_silver']
[2026-01-25 10:12:37] [INFO] REWARD | spot_silver | quality=0.902 cost=0.30 sentiment=0.50 market=0.50 reward=0.653
[2026-01-25 10:13:04] [INFO] === AI Logging System Initialized ===
[2026-01-25 10:13:07] [INFO] ENV LOAD | Sources: ['spot_silver', 'silver_futures', 'alphavantage_silver']
[2026-01-25 10:13:07] [INFO] REWARD | spot_silver | quality=0.902 cost=0.30 sentiment=0.50 market=0.50 reward=0.653
[2026-01-25 10:13:34] [INFO] === AI Logging System Initialized ===
[2026-01-25 10:13:37] [INFO] ENV LOAD | Sources: ['spot_silver', 'silver_futures', 'alphavantage_silver']
[2026-01-25 10:14:05] [INFO] === AI Logging System Initialized ===
[2026-01-25 10:14:08] [INFO] ENV LOAD | Sources: ['spot_silver', 'silver_futures', 'alphavantage_silver']
[2026-01-25 10:14:08] [INFO] REWARD | spot_silver | quality=0.902 cost=0.30 sentiment=0.50 market=0.50 reward=0.653
[2026-01-25 10:14:35] [INFO] === AI Logging System Initialized ===
[2026-01-25 10:14:38] [INFO] ENV LOAD | Sources: ['spot_silver', 'silver_futures', 'alphavantage_silver']
[2026-01-25 10:14:39] [INFO] REWARD | spot_silver | quality=0.902 cost=0.30 sentiment=0.50 market=0.50 reward=0.653
[2026-01-25 10:15:51] [INFO] === AI Logging System Initialized ===
[2026-01-25 10:15:53] [INFO] ENV LOAD | Sources: ['spot_silver', 'silver_futures', 'alphavantage_silver']
[2026-01-25 10:15:54] [INFO] REWARD | spot_silver | quality=0.902 cost=0.30 sentiment=0.50 market=0.50 reward=0.653
[2026-01-25 10:16:50] [INFO] === AI Logging System Initialized ===
[2026-01-25 10:16:53] [INFO] ENV LOAD | Sources: ['spot_silver', 'silver_futures', 'alphavantage_silver']
[2026-01-25 10:16:53] [INFO] REWARD | spot_silver | quality=0.902 cost=0.30 sentiment=0.50 market=0.50 reward=0.653
