[2026-01-25 07:36:05] [INFO] === AI Logging System Initialized ===
[2026-01-25 07:36:08] [INFO] ENV LOAD | Sources: ['spot_silver', 'silver_futures', 'alphavantage_silver']
[2026-01-25 07:36:08] [INFO] REWARD | spot_silver | quality=0.902 cost=0.30 sentiment=0.50 market=0.50 reward=0.653
[2026-01-25 07:36:08] [INFO] === AI Logging System Initialized ===
[2026-01-25 07:36:10] [INFO] ENV LOAD | Sources: ['spot_silver', 'silver_futures', 'alphavantage_silver']
[2026-01-25 07:36:10] [INFO] === AI Logging System Initialized ===
[2026-01-25 07:36:11] [INFO] ENV LOAD | Sources: ['spot_silver', 'silver_futures', 'alphavantage_silver']
[2026-01-25 07:36:37] [INFO] === AI Logging System Initialized ===
[2026-01-25 07:36:40] [INFO] ENV LOAD | Sources: ['spot_silver', 'silver_futures', 'alphavantage_silver']
[2026-01-25 07:36:40] [INFO] REWARD | spot_silver | quality=0.902 cost=0.30 sentiment=0.50 market=0.50 reward=0.653
[2026-01-25 07:37:08] [INFO] === AI Logging System Initialized ===
[2026-01-25 07:37:10] [INFO] ENV LOAD | Sources: ['spot_silver', 'silver_futures', 'alphavantage_silver']
[2026-01-25 07:37:10] [INFO] REWARD | alphavantage_silver | quality=0.704 cost=0.40 sentiment=0.50 market=0.50 reward=0.354
[2026-01-25 07:37:10] [INFO] === AI Logging System Initialized ===
[2026-01-25 07:37:12] [INFO] ENV LOAD | Sources: ['spot_silver', 'silver_futures', 'alphavantage_silver']
[2026-01-25 07:37:37] [INFO] === AI Logging System Initialized ===
[2026-01-25 07:37:40] [INFO] ENV LOAD | Sources: ['spot_silver', 'silver_futures', 'alphavantage_silver']
[2026-01-25 07:38:07] [INFO] === AI Logging System Initialized ===
[2026-01-25 07:38:10] [INFO] ENV LOAD | Sources: ['spot_silver', 'silver_futures', 'alphavantage_silver']
[2026-01-25 07:38:10] [INFO] REWARD | alphavantage_silver | quality=0.704 cost=0.40 sentiment=0.50 market=0.50 reward=0.354
[2026-01-25 07:38:10] [INFO] === AI Logging System Initialized ===
[2026-01-25 07:38:13] [INFO] ENV LOAD | Sources: ['spot_silver', 'silver_futures', 'alphavantage_silver']
[2026-01-25 07:38:33] [INFO] === AI Logging System Initialized ===
[2026-01-25 07:38:36] [INFO] ENV LOAD | Sources: ['spot_silver', 'silver_futures', 'alphavantage_silver']
[2026-01-25 07:38:36] [INFO] REWARD | alphavantage_silver | quality=0.704 cost=0.40 sentiment=0.50 market=0.50 reward=0.354
[2026-01-25 07:38:37] [INFO] === AI Logging System Initialized ===
[2026-01-25 07:38:39] [INFO] ENV LOAD | Sources: ['spot_silver', 'silver_futures', 'alphavantage_silver']
[2026-01-25 07:38:40] [INFO] === AI Logging System Initialized ===
[2026-01-25 07:38:42] [INFO] ENV LOAD | Sources: ['spot_silver', 'silver_futures', 'alphavantage_silver']
[2026-01-25 07:38:49] [INFO] === AI Logging System Initialized ===
[2026-01-25 07:38:51] [INFO] ENV LOAD | Sources: ['spot_silver', 'silver_futures', 'alphavantage_silver']
[2026-01-25 07:39:07] [INFO] === AI Logging System Initialized ===
[2026-01-25 07:39:10] [INFO] ENV LOAD | Sources: ['spot_silver', 'silver_futures', 'alphavantage_silver']
[2026-01-25 07:39:10] [INFO] REWARD | alphavantage_silver | quality=0.704 cost=0.40 sentiment=0.50 market=0.50 reward=0.354
[2026-01-25 07:39:19] [INFO] === AI Logging System Initialized ===
[2026-01-25 07:39:21] [INFO] ENV LOAD | Sources: ['spot_silver', 'silver_futures', 'alphavantage_silver']
[2026-01-25 07:39:21] [INFO] REWARD | silver_futures | quality=0.810 cost=0.35 sentiment=0.50 market=0.50 reward=0.510
[2026-01-25 07:39:49] [INFO] === AI Logging System Initialized ===
[2026-01-25 07:39:51] [INFO] ENV LOAD | Sources: ['spot_silver', 'silver_futures', 'alphavantage_silver']
[2026-01-25 07:39:51] [INFO] REWARD | silver_futures | quality=0.810 cost=0.35 sentiment=0.50 market=0.50 reward=0.510
[2026-01-25 07:40:06] [INFO] === AI Logging System Initialized ===
[2026-01-25 07:40:09] [INFO] ENV LOAD | Sources: ['spot_silver', 'silver_futures', 'alphavantage_silver']
[2026-01-25 07:40:09] [INFO] REWARD | silver_futures | quality=0.810 cost=0.35 sentiment=0.50 market=0.50 reward=0.510
[2026-01-25 07:40:09] [INFO] === AI Logging System Initialized ===
[2026-01-25 07:40:11] [INFO] ENV LOAD | Sources: ['spot_silver', 'silver_futures', 'alphavantage_silver']
[2026-01-25 07:40:11] [INFO] REWARD | silver_futures | quality=0.810 cost=0.35 sentiment=0.50 market=0.50 reward=0.510
[2026-01-25 07:40:11] [INFO] === AI Logging System Initialized ===
[2026-01-25 07:40:13] [INFO] === AI Logging System Initialized ===
[2026-01-25 07:40:14] [INFO] ENV LOAD | Sources: ['spot_silver', 'silver_futures', 'alphavantage_silver']
[2026-01-25 07:40:16] [INFO] ENV LOAD | Sources: ['spot_silver', 'silver_futures', 'alphavantage_silver']
[2026-01-25 07:40:43] [INFO] === AI Logging System Initialized ===
[2026-01-25 07:40:46] [INFO] ENV LOAD | Sources: ['spot_silver', 'silver_futures', 'alphavantage_silver']
[2026-01-25 07:40:46] [INFO] REWARD | spot_silver | quality=0.902 cost=0.30 sentiment=0.50 market=0.50 reward=0.653
[2026-01-25 07:41:07] [INFO] === AI Logging System Initialized ===
[2026-01-25 07:41:10] [INFO] ENV LOAD | Sources: ['spot_silver', 'silver_futures', 'alphavantage_silver']
[2026-01-25 07:41:10] [INFO] REWARD | silver_futures | quality=0.810 cost=0.35 sentiment=0.50 market=0.50 reward=0.510
[2026-01-25 07:41:13] [INFO] === AI Logging System Initialized ===
[2026-01-25 07:41:15] [INFO] ENV LOAD | Sources: ['spot_silver', 'silver_futures', 'alphavantage_silver']
[2026-01-25 07:41:23] [INFO] === AI Logging System Initialized ===
[2026-01-25 07:41:26] [INFO] ENV LOAD | Sources: ['spot_silver', 'silver_futures', 'alphavantage_silver']
[2026-01-25 07:41:28] [INFO] === AI Logging System Initialized ===
[2026-01-25 07:41:30] [INFO] ENV LOAD | Sources: ['spot_silver', 'silver_futures', 'alphavantage_silver']
[2026-01-25 07:41:34] [INFO] === AI Logging System Initialized ===
[2026-01-25 07:41:37] [INFO] ENV LOAD | Sources: ['spot_silver', 'silver_futures', 'alphavantage_silver']
[2026-01-25 07:41:38] [INFO] === AI Logging System Initialized ===
[2026-01-25 07:41:40] [INFO] ENV LOAD | Sources: ['spot_silver', 'silver_futures', 'alphavantage_silver']
[2026-01-25 07:41:41] [INFO] REWARD | spot_silver | quality=0.902 cost=0.30 sentiment=0.50 market=0.50 reward=0.653
[2026-01-25 07:42:07] [INFO] === AI Logging System Initialized ===
[2026-01-25 07:42:10] [INFO] ENV LOAD | Sources: ['spot_silver', 'silver_futures', 'alphavantage_silver']
[2026-01-25 07:42:10] [INFO] === AI Logging System Initialized ===
[2026-01-25 07:42:12] [INFO] ENV LOAD | Sources: ['spot_silver', 'silver_futures', 'alphavantage_silver']
[2026-01-25 07:42:13] [INFO] REWARD | spot_silver | quality=0.902 cost=0.30 sentiment=0.50 market=0.50 reward=0.653
[2026-01-25 07:42:19] [INFO] === AI Logging System Initialized ===
[2026-01-25 07:42:21] [INFO] ENV LOAD | Sources: ['spot_silver', 'silver_futures', 'alphavantage_silver']
[2026-01-25 07:42:21] [INFO] === AI Logging System Initialized ===
[2026-01-25 07:42:24] [INFO] ENV LOAD | Sources: ['spot_silver', 'silver_futures', 'alphavantage_silver']
[2026-01-25 07:42:24] [INFO] === AI Logging System Initialized ===
[2026-01-25 07:42:26] [INFO] ENV LOAD | Sources: ['spot_silver', 'silver_futures', 'alphavantage_silver']
[2026-01-25 07:42:27] [INFO] === AI Logging System Initialized ===
[2026-01-25 07:42:31] [INFO] ENV LOAD | Sources: ['spot_silver', 'silver_futures', 'alphavantage_silver']
[2026-01-25 07:42:31] [INFO] === AI Logging System Initialized ===
[2026-01-25 07:42:34] [INFO] ENV LOAD | Sources: ['spot_silver', 'silver_futures', 'alphavantage_silver']
